info: ::1 - - [16/Apr/2024:08:46:29 +0000] "GET /user HTTP/1.1" 404 47 "-" "PostmanRuntime/7.37.3"

info: ::1 - - [16/Apr/2024:08:46:42 +0000] "GET /user HTTP/1.1" 404 47 "-" "PostmanRuntime/7.37.3"

info: ::1 - - [16/Apr/2024:08:46:57 +0000] "GET /user HTTP/1.1" 404 47 "-" "PostmanRuntime/7.37.3"

info: ::1 - - [16/Apr/2024:08:47:04 +0000] "GET /api/user HTTP/1.1" 200 65 "-" "PostmanRuntime/7.37.3"

info: ::1 - - [16/Apr/2024:08:53:33 +0000] "GET /api/user HTTP/1.1" 200 65 "-" "PostmanRuntime/7.37.3"

info: ::1 - - [16/Apr/2024:08:55:00 +0000] "POST /api/user HTTP/1.1" 201 260 "-" "PostmanRuntime/7.37.3"

info: ::1 - - [16/Apr/2024:08:56:16 +0000] "POST /api/user HTTP/1.1" 201 262 "-" "PostmanRuntime/7.37.3"

info: ::1 - - [16/Apr/2024:08:56:25 +0000] "GET /api/user HTTP/1.1" 200 472 "-" "PostmanRuntime/7.37.3"

info: ::1 - - [16/Apr/2024:09:09:49 +0000] "POST /api/user/login HTTP/1.1" 404 47 "-" "PostmanRuntime/7.37.3"

info: ::1 - - [16/Apr/2024:09:10:07 +0000] "POST /api/user/login HTTP/1.1" 500 78 "-" "PostmanRuntime/7.37.3"

info: ::1 - - [16/Apr/2024:09:12:03 +0000] "POST /api/user/login HTTP/1.1" 500 78 "-" "PostmanRuntime/7.37.3"

info: ::1 - - [16/Apr/2024:09:16:13 +0000] "POST /api/user/login HTTP/1.1" 500 89 "-" "PostmanRuntime/7.37.3"

info: ::1 - - [16/Apr/2024:09:30:34 +0000] "POST /api/user/login HTTP/1.1" 500 72 "-" "PostmanRuntime/7.37.3"

info: ::1 - - [16/Apr/2024:09:30:52 +0000] "POST /api/user/login HTTP/1.1" 500 89 "-" "PostmanRuntime/7.37.3"

info: ::1 - - [16/Apr/2024:09:35:30 +0000] "POST /api/user/login HTTP/1.1" 201 262 "-" "PostmanRuntime/7.37.3"

info: ::1 - - [16/Apr/2024:09:38:13 +0000] "POST /api/user/login HTTP/1.1" 201 264 "-" "PostmanRuntime/7.37.3"

info: ::1 - - [16/Apr/2024:09:48:47 +0000] "POST /api/user HTTP/1.1" 201 263 "-" "PostmanRuntime/7.37.3"

info: ::1 - - [16/Apr/2024:09:49:44 +0000] "POST /api/user HTTP/1.1" 201 266 "-" "PostmanRuntime/7.37.3"

info: ::1 - - [16/Apr/2024:09:50:40 +0000] "POST /api/user HTTP/1.1" 201 264 "-" "PostmanRuntime/7.37.3"

info: ::1 - - [16/Apr/2024:09:51:50 +0000] "POST /api/user HTTP/1.1" 201 260 "-" "PostmanRuntime/7.37.3"

info: ::1 - - [16/Apr/2024:09:52:39 +0000] "GET /api/user/getall HTTP/1.1" 500 128 "-" "PostmanRuntime/7.37.3"

info: ::1 - - [16/Apr/2024:09:53:06 +0000] "GET /api/user/getall HTTP/1.1" 200 1285 "-" "PostmanRuntime/7.37.3"

info: ::1 - - [16/Apr/2024:09:54:43 +0000] "DELETE /api/user/661e3d308f97c947144ace6e HTTP/1.1" 200 60 "-" "PostmanRuntime/7.37.3"

info: ::1 - - [16/Apr/2024:09:54:57 +0000] "GET /api/user/getall HTTP/1.1" 200 1080 "-" "PostmanRuntime/7.37.3"

info: ::1 - - [16/Apr/2024:10:02:07 +0000] "GET /api/user/661e3ce48f97c947144ace6c HTTP/1.1" 200 260 "-" "PostmanRuntime/7.37.3"

info: ::1 - - [16/Apr/2024:10:04:37 +0000] "PUT /api/user/661e3ce48f97c947144ace6c HTTP/1.1" 202 261 "-" "PostmanRuntime/7.37.3"

info: ::1 - - [16/Apr/2024:10:10:56 +0000] "GET /api/user HTTP/1.1" 404 47 "-" "PostmanRuntime/7.37.3"

info: ::1 - - [16/Apr/2024:10:11:21 +0000] "POST /api/user/login HTTP/1.1" 201 64 "-" "PostmanRuntime/7.37.3"

info: ::1 - - [16/Apr/2024:10:13:04 +0000] "POST /api/user/login HTTP/1.1" 201 262 "-" "PostmanRuntime/7.37.3"

info: ::1 - - [16/Apr/2024:10:16:42 +0000] "POST /api/user/login HTTP/1.1" 201 51 "-" "PostmanRuntime/7.37.3"

info: ::1 - - [16/Apr/2024:10:17:23 +0000] "POST /api/user/login HTTP/1.1" 201 73 "-" "PostmanRuntime/7.37.3"

info: ::1 - - [16/Apr/2024:10:17:53 +0000] "POST /api/user/login HTTP/1.1" 201 262 "-" "PostmanRuntime/7.37.3"

info: ::1 - - [16/Apr/2024:10:39:44 +0000] "POST /api/user HTTP/1.1" 500 89 "-" "PostmanRuntime/7.37.3"

info: ::1 - - [16/Apr/2024:10:39:56 +0000] "POST /api/user HTTP/1.1" 201 259 "-" "PostmanRuntime/7.37.3"

info: ::1 - - [16/Apr/2024:10:40:04 +0000] "GET /api/user/getall HTTP/1.1" 200 1280 "-" "PostmanRuntime/7.37.3"

info: ::1 - - [16/Apr/2024:10:49:40 +0000] "GET /api/user/getall HTTP/1.1" 200 1280 "-" "PostmanRuntime/7.37.3"

info: ::1 - - [16/Apr/2024:10:52:29 +0000] "GET /api/user/getall HTTP/1.1" 200 1280 "-" "PostmanRuntime/7.37.3"

info: ::1 - - [16/Apr/2024:10:53:04 +0000] "GET /api/user/getall HTTP/1.1" 200 1280 "-" "PostmanRuntime/7.37.3"

info: ::1 - - [16/Apr/2024:10:55:51 +0000] "GET /api/user/getall HTTP/1.1" 200 1280 "-" "PostmanRuntime/7.37.3"

info: ::1 - - [17/Apr/2024:09:04:27 +0000] "GET /api/ HTTP/1.1" 200 9 "-" "Mozilla/5.0 (Windows NT 10.0; Win64; x64) AppleWebKit/537.36 (KHTML, like Gecko) Chrome/123.0.0.0 Safari/537.36"

info: ::1 - - [17/Apr/2024:09:04:28 +0000] "GET /favicon.ico HTTP/1.1" 404 47 "-" "Mozilla/5.0 (Windows NT 10.0; Win64; x64) AppleWebKit/537.36 (KHTML, like Gecko) Chrome/123.0.0.0 Safari/537.36"

info: ::1 - - [17/Apr/2024:09:04:28 +0000] "GET /api/highLightTitle.png HTTP/1.1" 404 47 "-" "Mozilla/5.0 (Windows NT 10.0; Win64; x64) AppleWebKit/537.36 (KHTML, like Gecko) Chrome/123.0.0.0 Safari/537.36"

info: ::1 - - [17/Apr/2024:09:04:46 +0000] "GET /api/ HTTP/1.1" 304 - "-" "Mozilla/5.0 (Windows NT 10.0; Win64; x64) AppleWebKit/537.36 (KHTML, like Gecko) Chrome/123.0.0.0 Safari/537.36"

info: ::1 - - [17/Apr/2024:09:04:47 +0000] "GET /api/highLightTitle.png HTTP/1.1" 404 47 "-" "Mozilla/5.0 (Windows NT 10.0; Win64; x64) AppleWebKit/537.36 (KHTML, like Gecko) Chrome/123.0.0.0 Safari/537.36"

info: ::1 - - [17/Apr/2024:09:05:04 +0000] "GET /api/user/login HTTP/1.1" 404 47 "-" "Mozilla/5.0 (Windows NT 10.0; Win64; x64) AppleWebKit/537.36 (KHTML, like Gecko) Chrome/123.0.0.0 Safari/537.36"

info: ::1 - - [17/Apr/2024:09:05:05 +0000] "GET /api/user/highLightTitle.png HTTP/1.1" 404 47 "-" "Mozilla/5.0 (Windows NT 10.0; Win64; x64) AppleWebKit/537.36 (KHTML, like Gecko) Chrome/123.0.0.0 Safari/537.36"

info: ::1 - - [17/Apr/2024:09:18:16 +0000] "POST /api/user/login HTTP/1.1" 500 53 "-" "PostmanRuntime/7.37.3"

info: ::1 - - [17/Apr/2024:09:19:43 +0000] "POST /api/user/login HTTP/1.1" 500 54 "-" "PostmanRuntime/7.37.3"

info: ::1 - - [17/Apr/2024:09:20:12 +0000] "POST /api/user/login HTTP/1.1" 201 262 "-" "PostmanRuntime/7.37.3"

info: ::1 - - [17/Apr/2024:09:20:20 +0000] "GET /api/user/login HTTP/1.1" 404 47 "-" "Mozilla/5.0 (Windows NT 10.0; Win64; x64) AppleWebKit/537.36 (KHTML, like Gecko) Chrome/123.0.0.0 Safari/537.36"

info: ::1 - - [17/Apr/2024:09:20:22 +0000] "GET /api/user/highLightTitle.png HTTP/1.1" 404 47 "-" "Mozilla/5.0 (Windows NT 10.0; Win64; x64) AppleWebKit/537.36 (KHTML, like Gecko) Chrome/123.0.0.0 Safari/537.36"

info: ::1 - - [17/Apr/2024:09:32:43 +0000] "POST /api/user/login HTTP/1.1" 500 77 "-" "PostmanRuntime/7.37.3"

info: ::1 - - [17/Apr/2024:09:33:37 +0000] "POST /api/user/login HTTP/1.1" 201 87 "-" "PostmanRuntime/7.37.3"

info: ::1 - - [17/Apr/2024:09:34:15 +0000] "POST /api/user/login HTTP/1.1" 201 87 "-" "PostmanRuntime/7.37.3"

info: ::1 - - [17/Apr/2024:09:35:41 +0000] "GET /api/user/login HTTP/1.1" 404 47 "-" "Mozilla/5.0 (Windows NT 10.0; Win64; x64) AppleWebKit/537.36 (KHTML, like Gecko) Chrome/123.0.0.0 Safari/537.36"

info: ::1 - - [17/Apr/2024:09:35:42 +0000] "GET /api/user/highLightTitle.png HTTP/1.1" 404 47 "-" "Mozilla/5.0 (Windows NT 10.0; Win64; x64) AppleWebKit/537.36 (KHTML, like Gecko) Chrome/123.0.0.0 Safari/537.36"

info: ::1 - - [17/Apr/2024:09:35:50 +0000] "GET /api/user/login HTTP/1.1" 404 47 "-" "Mozilla/5.0 (Windows NT 10.0; Win64; x64) AppleWebKit/537.36 (KHTML, like Gecko) Chrome/123.0.0.0 Safari/537.36"

info: ::1 - - [17/Apr/2024:09:35:51 +0000] "GET /api/user/highLightTitle.png HTTP/1.1" 404 47 "-" "Mozilla/5.0 (Windows NT 10.0; Win64; x64) AppleWebKit/537.36 (KHTML, like Gecko) Chrome/123.0.0.0 Safari/537.36"

info: ::1 - - [17/Apr/2024:09:37:18 +0000] "POST /api/user/login HTTP/1.1" 201 87 "-" "PostmanRuntime/7.37.3"

info: ::1 - - [17/Apr/2024:09:37:23 +0000] "POST /api/user/login HTTP/1.1" 500 77 "-" "PostmanRuntime/7.37.3"

info: ::1 - - [17/Apr/2024:09:39:08 +0000] "POST /api/user/login HTTP/1.1" 201 263 "-" "PostmanRuntime/7.37.3"

info: ::1 - - [17/Apr/2024:09:39:43 +0000] "PUT /api/user/login HTTP/1.1" 404 47 "-" "PostmanRuntime/7.37.3"

info: ::1 - - [17/Apr/2024:09:42:11 +0000] "POST /api/user/login HTTP/1.1" 201 263 "-" "PostmanRuntime/7.37.3"

info: ::1 - - [17/Apr/2024:09:43:10 +0000] "POST /api/user/login HTTP/1.1" 201 87 "-" "PostmanRuntime/7.37.3"

info: ::1 - - [17/Apr/2024:09:46:21 +0000] "GET /api/user/login HTTP/1.1" 404 47 "-" "PostmanRuntime/7.37.3"

info: ::1 - - [17/Apr/2024:09:47:28 +0000] "GET /api/user/login HTTP/1.1" 404 47 "-" "PostmanRuntime/7.37.3"

info: ::1 - - [17/Apr/2024:09:47:49 +0000] "GET /api/user/login HTTP/1.1" 404 47 "-" "PostmanRuntime/7.37.3"

info: ::1 - - [17/Apr/2024:09:48:16 +0000] "GET /api/user/login HTTP/1.1" 404 47 "-" "PostmanRuntime/7.37.3"

info: ::1 - - [17/Apr/2024:09:48:29 +0000] "GET /api/user/login HTTP/1.1" 404 47 "-" "PostmanRuntime/7.37.3"

info: ::1 - - [17/Apr/2024:09:49:37 +0000] "POST /api/user/login HTTP/1.1" 201 87 "-" "PostmanRuntime/7.37.3"

info: ::1 - - [17/Apr/2024:09:49:46 +0000] "POST /api/user/login HTTP/1.1" 201 87 "-" "PostmanRuntime/7.37.3"

info: ::1 - - [17/Apr/2024:09:49:51 +0000] "POST /api/user/login HTTP/1.1" 500 57 "-" "PostmanRuntime/7.37.3"

info: ::1 - - [17/Apr/2024:09:50:31 +0000] "POST /api/user/login HTTP/1.1" 500 54 "-" "PostmanRuntime/7.37.3"

info: ::1 - - [17/Apr/2024:09:50:51 +0000] "POST /api/user/login HTTP/1.1" 500 77 "-" "PostmanRuntime/7.37.3"

info: ::1 - - [17/Apr/2024:09:51:46 +0000] "POST /api/user/login HTTP/1.1" 500 77 "-" "PostmanRuntime/7.37.3"

info: ::1 - - [17/Apr/2024:09:52:43 +0000] "POST /api/user/login HTTP/1.1" 201 263 "-" "PostmanRuntime/7.37.3"

info: ::1 - - [17/Apr/2024:09:53:36 +0000] "POST /api/user/login HTTP/1.1" 201 263 "-" "PostmanRuntime/7.37.3"

info: ::1 - - [17/Apr/2024:09:53:54 +0000] "POST /api/user/login HTTP/1.1" 201 87 "-" "PostmanRuntime/7.37.3"

info: ::1 - - [17/Apr/2024:09:55:42 +0000] "POST /api/user/login HTTP/1.1" 201 87 "-" "PostmanRuntime/7.37.3"

info: ::1 - - [17/Apr/2024:09:55:53 +0000] "POST /api/user/login HTTP/1.1" 201 263 "-" "PostmanRuntime/7.37.3"

info: ::1 - - [17/Apr/2024:09:56:36 +0000] "POST /api/user/login HTTP/1.1" 201 87 "-" "PostmanRuntime/7.37.3"

info: ::1 - - [17/Apr/2024:09:56:48 +0000] "POST /api/user/login HTTP/1.1" 201 263 "-" "PostmanRuntime/7.37.3"

info: ::1 - - [17/Apr/2024:09:56:55 +0000] "POST /api/user/login HTTP/1.1" 201 263 "-" "PostmanRuntime/7.37.3"

info: ::1 - - [17/Apr/2024:10:00:00 +0000] "GET /api/user/login HTTP/1.1" 404 47 "-" "Mozilla/5.0 (Windows NT 10.0; Win64; x64) AppleWebKit/537.36 (KHTML, like Gecko) Chrome/123.0.0.0 Safari/537.36"

info: ::1 - - [17/Apr/2024:10:00:01 +0000] "GET /api/user/highLightTitle.png HTTP/1.1" 404 47 "-" "Mozilla/5.0 (Windows NT 10.0; Win64; x64) AppleWebKit/537.36 (KHTML, like Gecko) Chrome/123.0.0.0 Safari/537.36"

info: ::1 - - [17/Apr/2024:10:01:58 +0000] "POST /api/user HTTP/1.1" 201 260 "-" "PostmanRuntime/7.37.3"

info: ::1 - - [17/Apr/2024:10:04:36 +0000] "POST /api/user/login HTTP/1.1" 500 72 "-" "PostmanRuntime/7.37.3"

info: ::1 - - [17/Apr/2024:10:05:07 +0000] "POST /api/user/login HTTP/1.1" 201 263 "-" "PostmanRuntime/7.37.3"

info: ::1 - - [17/Apr/2024:10:06:21 +0000] "POST /api/user/login HTTP/1.1" 201 263 "-" "PostmanRuntime/7.37.3"

info: ::1 - - [17/Apr/2024:10:07:11 +0000] "POST /api/user/login HTTP/1.1" 201 263 "-" "PostmanRuntime/7.37.3"

info: ::1 - - [17/Apr/2024:10:08:00 +0000] "POST /api/user/login HTTP/1.1" 201 259 "-" "PostmanRuntime/7.37.3"

info: ::1 - - [17/Apr/2024:10:09:47 +0000] "POST /api/user/login HTTP/1.1" 201 259 "-" "PostmanRuntime/7.37.3"

info: ::1 - - [17/Apr/2024:10:13:20 +0000] "POST /api/user/login HTTP/1.1" 201 87 "-" "PostmanRuntime/7.37.3"

info: ::1 - - [17/Apr/2024:10:13:41 +0000] "POST /api/user/login HTTP/1.1" 201 259 "-" "PostmanRuntime/7.37.3"

info: ::1 - - [17/Apr/2024:10:55:50 +0000] "POST /api/user/login HTTP/1.1" 201 87 "-" "PostmanRuntime/7.37.3"

