info: ::1 - - [18/Apr/2024:05:48:12 +0000] "PUT /api/user/661e3ce48f97c947144ace6c HTTP/1.1" 202 265 "-" "PostmanRuntime/7.37.3"

info: ::1 - - [18/Apr/2024:09:24:12 +0000] "POST /api/user HTTP/1.1" 500 56 "-" "PostmanRuntime/7.37.3"

info: ::1 - - [18/Apr/2024:09:40:30 +0000] "POST /api/user/forgotpass HTTP/1.1" 202 38 "-" "PostmanRuntime/7.37.3"

info: ::1 - - [18/Apr/2024:09:42:15 +0000] "POST /api/user/resetpass HTTP/1.1" 400 56 "-" "PostmanRuntime/7.37.3"

info: ::1 - - [18/Apr/2024:09:42:25 +0000] "POST /api/user/resetpass HTTP/1.1" 202 35 "-" "PostmanRuntime/7.37.3"

info: ::1 - - [18/Apr/2024:09:43:33 +0000] "POST /api/user/login HTTP/1.1" 201 87 "-" "PostmanRuntime/7.37.3"

info: ::1 - - [18/Apr/2024:09:43:52 +0000] "POST /api/user/login HTTP/1.1" 201 263 "-" "PostmanRuntime/7.37.3"

info: ::1 - - [18/Apr/2024:09:44:17 +0000] "POST /api/user/resetpass HTTP/1.1" 202 35 "-" "PostmanRuntime/7.37.3"

info: ::1 - - [18/Apr/2024:09:52:05 +0000] "POST /api/user/login HTTP/1.1" 201 263 "-" "PostmanRuntime/7.37.3"

info: ::1 - - [18/Apr/2024:09:52:24 +0000] "POST /api/user/forgotpass HTTP/1.1" 202 38 "-" "PostmanRuntime/7.37.3"

info: ::1 - - [18/Apr/2024:09:52:40 +0000] "POST /api/user/resetpass HTTP/1.1" 500 48 "-" "PostmanRuntime/7.37.3"

info: ::1 - - [18/Apr/2024:09:53:19 +0000] "POST /api/user/login HTTP/1.1" 201 263 "-" "PostmanRuntime/7.37.3"

info: ::1 - - [18/Apr/2024:09:53:54 +0000] "POST /api/user/resetpass HTTP/1.1" 500 48 "-" "PostmanRuntime/7.37.3"

info: ::1 - - [18/Apr/2024:09:54:43 +0000] "POST /api/user/resetpass HTTP/1.1" 500 48 "-" "PostmanRuntime/7.37.3"

info: ::1 - - [18/Apr/2024:09:58:10 +0000] "POST /api/user/resetpass HTTP/1.1" 500 48 "-" "PostmanRuntime/7.37.3"

info: ::1 - - [18/Apr/2024:10:01:37 +0000] "POST /api/user/resetpass HTTP/1.1" 500 48 "-" "PostmanRuntime/7.37.3"

info: ::1 - - [18/Apr/2024:10:05:34 +0000] "POST /api/user/forgotpass HTTP/1.1" 202 38 "-" "PostmanRuntime/7.37.3"

info: ::1 - - [18/Apr/2024:10:09:04 +0000] "POST /api/user/login HTTP/1.1" 201 263 "-" "PostmanRuntime/7.37.3"

info: ::1 - - [18/Apr/2024:10:13:41 +0000] "POST /api/user/forgotpass HTTP/1.1" 202 38 "-" "PostmanRuntime/7.37.3"

info: ::1 - - [18/Apr/2024:10:15:47 +0000] "POST /api/user/forgotpass HTTP/1.1" 202 38 "-" "PostmanRuntime/7.37.3"

info: ::1 - - [18/Apr/2024:10:25:49 +0000] "POST /api/user/login HTTP/1.1" 500 58 "-" "PostmanRuntime/7.37.3"

info: ::1 - - [18/Apr/2024:10:26:21 +0000] "POST /api/user/forgotpass HTTP/1.1" 202 95 "-" "PostmanRuntime/7.37.3"

info: ::1 - - [18/Apr/2024:10:26:45 +0000] "POST /api/user/resetpass HTTP/1.1" 500 48 "-" "PostmanRuntime/7.37.3"

info: ::1 - - [18/Apr/2024:10:31:20 +0000] "POST /api/user/login HTTP/1.1" 201 263 "-" "PostmanRuntime/7.37.3"

info: ::1 - - [18/Apr/2024:10:31:46 +0000] "POST /api/user/forgotpass HTTP/1.1" 202 38 "-" "PostmanRuntime/7.37.3"

info: ::1 - - [18/Apr/2024:10:35:50 +0000] "POST /api/user/forgotpass HTTP/1.1" 202 38 "-" "PostmanRuntime/7.37.3"

info: ::1 - - [18/Apr/2024:10:37:51 +0000] "POST /api/user/forgotpass HTTP/1.1" 202 38 "-" "PostmanRuntime/7.37.3"

info: ::1 - - [18/Apr/2024:10:40:20 +0000] "POST /api/user/forgotpass HTTP/1.1" 202 38 "-" "PostmanRuntime/7.37.3"

info: ::1 - - [18/Apr/2024:10:41:14 +0000] "POST /api/user/forgotpass HTTP/1.1" 202 212 "-" "PostmanRuntime/7.37.3"

info: ::1 - - [18/Apr/2024:10:42:21 +0000] "POST /api/user/forgotpass HTTP/1.1" 202 38 "-" "PostmanRuntime/7.37.3"

info: ::1 - - [18/Apr/2024:10:48:52 +0000] "POST /api/user/forgotpass HTTP/1.1" 202 38 "-" "PostmanRuntime/7.37.3"

info: ::1 - - [18/Apr/2024:10:52:19 +0000] "POST /api/user/forgotpass HTTP/1.1" 202 38 "-" "PostmanRuntime/7.37.3"

info: ::1 - - [18/Apr/2024:10:55:06 +0000] "POST /api/user/login HTTP/1.1" 201 263 "-" "PostmanRuntime/7.37.3"

info: ::1 - - [18/Apr/2024:11:10:44 +0000] "POST /api/user/forgotpass HTTP/1.1" 202 38 "-" "PostmanRuntime/7.37.3"

info: ::1 - - [18/Apr/2024:11:17:01 +0000] "POST /api/user/forgotpass HTTP/1.1" 400 56 "-" "PostmanRuntime/7.37.3"

info: ::1 - - [18/Apr/2024:11:19:06 +0000] "POST /api/user/forgotpass HTTP/1.1" 400 56 "-" "PostmanRuntime/7.37.3"

info: ::1 - - [18/Apr/2024:11:46:38 +0000] "POST /api/user/forgotpass HTTP/1.1" 202 237 "-" "PostmanRuntime/7.37.3"

info: ::1 - - [18/Apr/2024:11:48:36 +0000] "POST /api/user/forgotpass HTTP/1.1" 202 237 "-" "PostmanRuntime/7.37.3"

info: ::1 - - [18/Apr/2024:11:48:48 +0000] "POST /api/user/login HTTP/1.1" 201 274 "-" "PostmanRuntime/7.37.3"

info: ::1 - - [18/Apr/2024:11:55:12 +0000] "POST /api/user/resetpass HTTP/1.1" - - "-" "PostmanRuntime/7.37.3"

info: ::1 - - [18/Apr/2024:11:59:51 +0000] "POST /api/user/resetpass HTTP/1.1" - - "-" "PostmanRuntime/7.37.3"

info: ::1 - - [18/Apr/2024:12:00:28 +0000] "POST /api/user/resetpass HTTP/1.1" 500 48 "-" "PostmanRuntime/7.37.3"

info: ::1 - - [18/Apr/2024:12:01:49 +0000] "POST /api/user/resetpass HTTP/1.1" 500 48 "-" "PostmanRuntime/7.37.3"

info: ::1 - - [18/Apr/2024:12:03:20 +0000] "POST /api/user/resetpass HTTP/1.1" 500 48 "-" "PostmanRuntime/7.37.3"

info: ::1 - - [18/Apr/2024:12:04:20 +0000] "POST /api/user/resetpass HTTP/1.1" 500 48 "-" "PostmanRuntime/7.37.3"

info: ::1 - - [18/Apr/2024:12:05:02 +0000] "POST /api/user/resetpass HTTP/1.1" 202 139 "-" "PostmanRuntime/7.37.3"

info: ::1 - - [18/Apr/2024:12:07:04 +0000] "POST /api/user/resetpass HTTP/1.1" 500 83 "-" "PostmanRuntime/7.37.3"

info: ::1 - - [18/Apr/2024:12:08:13 +0000] "POST /api/user/resetpass HTTP/1.1" 500 83 "-" "PostmanRuntime/7.37.3"

info: ::1 - - [18/Apr/2024:12:15:38 +0000] "POST /api/user/resetpass HTTP/1.1" 202 276 "-" "PostmanRuntime/7.37.3"

info: ::1 - - [18/Apr/2024:12:29:02 +0000] "POST /api/user/resetpass HTTP/1.1" - - "-" "PostmanRuntime/7.37.3"

info: ::1 - - [18/Apr/2024:12:30:07 +0000] "POST /api/user/resetpass HTTP/1.1" 202 279 "-" "PostmanRuntime/7.37.3"

