info: Server started at http://localhost:3000/api/ {"timestamp":"2024-04-18T05:47:58.046Z"}
info: Connected to the database. {"timestamp":"2024-04-18T05:47:58.069Z"}
info: Server started at http://localhost:3000/api/ {"timestamp":"2024-04-18T05:48:44.708Z"}
info: Connected to the database. {"timestamp":"2024-04-18T05:48:44.727Z"}
info: Server started at http://localhost:3000/api/ {"timestamp":"2024-04-18T06:08:34.253Z"}
info: Connected to the database. {"timestamp":"2024-04-18T06:08:34.281Z"}
info: Server started at http://localhost:3000/api/ {"timestamp":"2024-04-18T06:08:37.917Z"}
info: Connected to the database. {"timestamp":"2024-04-18T06:08:37.942Z"}
info: Server started at http://localhost:3000/api/ {"timestamp":"2024-04-18T06:31:44.753Z"}
info: Connected to the database. {"timestamp":"2024-04-18T06:31:44.776Z"}
info: Server started at http://localhost:3000/api/ {"timestamp":"2024-04-18T07:34:40.321Z"}
info: Connected to the database. {"timestamp":"2024-04-18T07:34:40.345Z"}
info: Server started at http://localhost:3000/api/ {"timestamp":"2024-04-18T07:34:47.044Z"}
info: Connected to the database. {"timestamp":"2024-04-18T07:34:47.067Z"}
info: Server started at http://localhost:3000/api/ {"timestamp":"2024-04-18T07:35:04.479Z"}
info: Connected to the database. {"timestamp":"2024-04-18T07:35:04.499Z"}
info: Server started at http://localhost:3000/api/ {"timestamp":"2024-04-18T07:35:11.148Z"}
info: Connected to the database. {"timestamp":"2024-04-18T07:35:11.176Z"}
info: Server started at http://localhost:3000/api/ {"timestamp":"2024-04-18T07:35:41.120Z"}
info: Connected to the database. {"timestamp":"2024-04-18T07:35:41.141Z"}
info: Server started at http://localhost:3000/api/ {"timestamp":"2024-04-18T07:35:55.026Z"}
info: Connected to the database. {"timestamp":"2024-04-18T07:35:55.054Z"}
info: Server started at http://localhost:3000/api/ {"timestamp":"2024-04-18T07:36:13.178Z"}
info: Connected to the database. {"timestamp":"2024-04-18T07:36:13.196Z"}
info: Server started at http://localhost:3000/api/ {"timestamp":"2024-04-18T07:37:58.271Z"}
info: Connected to the database. {"timestamp":"2024-04-18T07:37:58.289Z"}
info: Server started at http://localhost:3000/api/ {"timestamp":"2024-04-18T07:41:16.202Z"}
info: Connected to the database. {"timestamp":"2024-04-18T07:41:16.224Z"}
info: Server started at http://localhost:3000/api/ {"timestamp":"2024-04-18T07:41:45.814Z"}
info: Connected to the database. {"timestamp":"2024-04-18T07:41:45.838Z"}
info: Server started at http://localhost:3000/api/ {"timestamp":"2024-04-18T07:42:59.481Z"}
info: Connected to the database. {"timestamp":"2024-04-18T07:42:59.503Z"}
info: Server started at http://localhost:3000/api/ {"timestamp":"2024-04-18T07:43:11.078Z"}
info: Connected to the database. {"timestamp":"2024-04-18T07:43:11.100Z"}
info: Server started at http://localhost:3000/api/ {"timestamp":"2024-04-18T07:45:34.062Z"}
info: Connected to the database. {"timestamp":"2024-04-18T07:45:34.086Z"}
info: Server started at http://localhost:3000/api/ {"timestamp":"2024-04-18T07:45:48.524Z"}
info: Connected to the database. {"timestamp":"2024-04-18T07:45:48.544Z"}
info: Server started at http://localhost:3000/api/ {"timestamp":"2024-04-18T07:48:57.350Z"}
info: Connected to the database. {"timestamp":"2024-04-18T07:48:57.395Z"}
info: Server started at http://localhost:3000/api/ {"timestamp":"2024-04-18T07:49:02.860Z"}
info: Connected to the database. {"timestamp":"2024-04-18T07:49:02.883Z"}
info: Server started at http://localhost:3000/api/ {"timestamp":"2024-04-18T07:49:14.988Z"}
info: Connected to the database. {"timestamp":"2024-04-18T07:49:15.014Z"}
info: Server started at http://localhost:3000/api/ {"timestamp":"2024-04-18T07:57:06.543Z"}
info: Connected to the database. {"timestamp":"2024-04-18T07:57:06.561Z"}
info: Server started at http://localhost:3000/api/ {"timestamp":"2024-04-18T08:00:14.121Z"}
info: Connected to the database. {"timestamp":"2024-04-18T08:00:14.144Z"}
info: Server started at http://localhost:3000/api/ {"timestamp":"2024-04-18T08:00:34.311Z"}
info: Connected to the database. {"timestamp":"2024-04-18T08:00:34.357Z"}
info: Server started at http://localhost:3000/api/ {"timestamp":"2024-04-18T08:44:20.264Z"}
info: Connected to the database. {"timestamp":"2024-04-18T08:44:20.291Z"}
info: Server started at http://localhost:3000/api/ {"timestamp":"2024-04-18T08:44:50.995Z"}
info: Connected to the database. {"timestamp":"2024-04-18T08:44:51.017Z"}
info: Server started at http://localhost:3000/api/ {"timestamp":"2024-04-18T08:49:33.705Z"}
info: Connected to the database. {"timestamp":"2024-04-18T08:49:33.727Z"}
info: Server started at http://localhost:3000/api/ {"timestamp":"2024-04-18T09:01:04.487Z"}
info: Connected to the database. {"timestamp":"2024-04-18T09:01:04.508Z"}
info: Server started at http://localhost:3000/api/ {"timestamp":"2024-04-18T09:02:29.487Z"}
info: Connected to the database. {"timestamp":"2024-04-18T09:02:29.507Z"}
info: Server started at http://localhost:3000/api/ {"timestamp":"2024-04-18T09:02:41.089Z"}
info: Connected to the database. {"timestamp":"2024-04-18T09:02:41.110Z"}
info: Server started at http://localhost:3000/api/ {"timestamp":"2024-04-18T09:04:43.785Z"}
info: Connected to the database. {"timestamp":"2024-04-18T09:04:43.807Z"}
info: Server started at http://localhost:3000/api/ {"timestamp":"2024-04-18T09:04:55.952Z"}
info: Connected to the database. {"timestamp":"2024-04-18T09:04:55.982Z"}
info: Server started at http://localhost:3000/api/ {"timestamp":"2024-04-18T09:23:24.729Z"}
info: Connected to the database. {"timestamp":"2024-04-18T09:23:24.752Z"}
error: 
    status - 500 
    message - ValidationError: "fname" is required 
    url - /api/user 
    method - POST 
    IP - ::1
   {"timestamp":"2024-04-18T09:24:12.594Z"}
info: Server started at http://localhost:3000/api/ {"timestamp":"2024-04-18T09:24:32.173Z"}
info: Connected to the database. {"timestamp":"2024-04-18T09:24:32.192Z"}
info: Server started at http://localhost:3000/api/ {"timestamp":"2024-04-18T09:24:36.464Z"}
info: Connected to the database. {"timestamp":"2024-04-18T09:24:36.491Z"}
info: Server started at http://localhost:3000/api/ {"timestamp":"2024-04-18T09:24:43.684Z"}
info: Connected to the database. {"timestamp":"2024-04-18T09:24:43.702Z"}
info: Server started at http://localhost:3000/api/ {"timestamp":"2024-04-18T09:37:39.322Z"}
info: Connected to the database. {"timestamp":"2024-04-18T09:37:39.349Z"}
info: Server started at http://localhost:3000/api/ {"timestamp":"2024-04-18T09:39:58.800Z"}
info: Connected to the database. {"timestamp":"2024-04-18T09:39:58.819Z"}
info: Server started at http://localhost:3000/api/ {"timestamp":"2024-04-18T09:40:08.238Z"}
info: Connected to the database. {"timestamp":"2024-04-18T09:40:08.267Z"}
error: 
    status - 500 
    message - Error: Cannot set headers after they are sent to the client
    at new NodeError (node:internal/errors:400:5)
    at ServerResponse.setHeader (node:_http_outgoing:663:11)
    at ServerResponse.header (C:\javascript_vuejs\nodejs\crud-project\node_modules\express\lib\response.js:795:10)
    at ServerResponse.send (C:\javascript_vuejs\nodejs\crud-project\node_modules\express\lib\response.js:175:12)
    at ServerResponse.json (C:\javascript_vuejs\nodejs\crud-project\node_modules\express\lib\response.js:279:15)
    at _callee2$ (C:\javascript_vuejs\nodejs\crud-project\src\controllers\/user.controller.js:72:37)
    at tryCatch (C:\javascript_vuejs\nodejs\crud-project\node_modules\@babel\runtime\helpers\regeneratorRuntime.js:45:16)
    at Generator.<anonymous> (C:\javascript_vuejs\nodejs\crud-project\node_modules\@babel\runtime\helpers\regeneratorRuntime.js:133:17)
    at Generator.next (C:\javascript_vuejs\nodejs\crud-project\node_modules\@babel\runtime\helpers\regeneratorRuntime.js:74:21)
    at asyncGeneratorStep (C:\javascript_vuejs\nodejs\crud-project\node_modules\@babel\runtime\helpers\asyncToGenerator.js:3:24)
    at _next (C:\javascript_vuejs\nodejs\crud-project\node_modules\@babel\runtime\helpers\asyncToGenerator.js:22:9)
    at processTicksAndRejections (node:internal/process/task_queues:95:5) 
    url - /api/user/forgotpass 
    method - POST 
    IP - ::1
   {"timestamp":"2024-04-18T09:40:30.604Z"}
error: 
      status - 400
      message - Authorization token is required 
      url - /api/user/resetpass 
      method - POST 
      IP - ::1
     {"timestamp":"2024-04-18T09:42:15.197Z"}
error: 
    status - 500 
    message - Error: Cannot set headers after they are sent to the client
    at new NodeError (node:internal/errors:400:5)
    at ServerResponse.setHeader (node:_http_outgoing:663:11)
    at ServerResponse.header (C:\javascript_vuejs\nodejs\crud-project\node_modules\express\lib\response.js:795:10)
    at ServerResponse.send (C:\javascript_vuejs\nodejs\crud-project\node_modules\express\lib\response.js:175:12)
    at ServerResponse.json (C:\javascript_vuejs\nodejs\crud-project\node_modules\express\lib\response.js:279:15)
    at _callee3$ (C:\javascript_vuejs\nodejs\crud-project\src\controllers\/user.controller.js:86:37)
    at tryCatch (C:\javascript_vuejs\nodejs\crud-project\node_modules\@babel\runtime\helpers\regeneratorRuntime.js:45:16)
    at Generator.<anonymous> (C:\javascript_vuejs\nodejs\crud-project\node_modules\@babel\runtime\helpers\regeneratorRuntime.js:133:17)
    at Generator.next (C:\javascript_vuejs\nodejs\crud-project\node_modules\@babel\runtime\helpers\regeneratorRuntime.js:74:21)
    at asyncGeneratorStep (C:\javascript_vuejs\nodejs\crud-project\node_modules\@babel\runtime\helpers\asyncToGenerator.js:3:24)
    at _next (C:\javascript_vuejs\nodejs\crud-project\node_modules\@babel\runtime\helpers\asyncToGenerator.js:22:9)
    at processTicksAndRejections (node:internal/process/task_queues:95:5) 
    url - /api/user/resetpass 
    method - POST 
    IP - ::1
   {"timestamp":"2024-04-18T09:42:25.904Z"}
error: 
    status - 500 
    message - Error: Cannot set headers after they are sent to the client
    at new NodeError (node:internal/errors:400:5)
    at ServerResponse.setHeader (node:_http_outgoing:663:11)
    at ServerResponse.header (C:\javascript_vuejs\nodejs\crud-project\node_modules\express\lib\response.js:795:10)
    at ServerResponse.send (C:\javascript_vuejs\nodejs\crud-project\node_modules\express\lib\response.js:175:12)
    at ServerResponse.json (C:\javascript_vuejs\nodejs\crud-project\node_modules\express\lib\response.js:279:15)
    at _callee3$ (C:\javascript_vuejs\nodejs\crud-project\src\controllers\/user.controller.js:86:37)
    at tryCatch (C:\javascript_vuejs\nodejs\crud-project\node_modules\@babel\runtime\helpers\regeneratorRuntime.js:45:16)
    at Generator.<anonymous> (C:\javascript_vuejs\nodejs\crud-project\node_modules\@babel\runtime\helpers\regeneratorRuntime.js:133:17)
    at Generator.next (C:\javascript_vuejs\nodejs\crud-project\node_modules\@babel\runtime\helpers\regeneratorRuntime.js:74:21)
    at asyncGeneratorStep (C:\javascript_vuejs\nodejs\crud-project\node_modules\@babel\runtime\helpers\asyncToGenerator.js:3:24)
    at _next (C:\javascript_vuejs\nodejs\crud-project\node_modules\@babel\runtime\helpers\asyncToGenerator.js:22:9)
    at processTicksAndRejections (node:internal/process/task_queues:95:5) 
    url - /api/user/resetpass 
    method - POST 
    IP - ::1
   {"timestamp":"2024-04-18T09:44:17.011Z"}
info: Server started at http://localhost:3000/api/ {"timestamp":"2024-04-18T09:51:58.915Z"}
info: Connected to the database. {"timestamp":"2024-04-18T09:51:58.944Z"}
error: 
    status - 500 
    message - Error: Cannot set headers after they are sent to the client
    at new NodeError (node:internal/errors:400:5)
    at ServerResponse.setHeader (node:_http_outgoing:663:11)
    at ServerResponse.header (C:\javascript_vuejs\nodejs\crud-project\node_modules\express\lib\response.js:795:10)
    at ServerResponse.send (C:\javascript_vuejs\nodejs\crud-project\node_modules\express\lib\response.js:175:12)
    at ServerResponse.json (C:\javascript_vuejs\nodejs\crud-project\node_modules\express\lib\response.js:279:15)
    at _callee2$ (C:\javascript_vuejs\nodejs\crud-project\src\controllers\/user.controller.js:72:37)
    at tryCatch (C:\javascript_vuejs\nodejs\crud-project\node_modules\@babel\runtime\helpers\regeneratorRuntime.js:45:16)
    at Generator.<anonymous> (C:\javascript_vuejs\nodejs\crud-project\node_modules\@babel\runtime\helpers\regeneratorRuntime.js:133:17)
    at Generator.next (C:\javascript_vuejs\nodejs\crud-project\node_modules\@babel\runtime\helpers\regeneratorRuntime.js:74:21)
    at asyncGeneratorStep (C:\javascript_vuejs\nodejs\crud-project\node_modules\@babel\runtime\helpers\asyncToGenerator.js:3:24)
    at _next (C:\javascript_vuejs\nodejs\crud-project\node_modules\@babel\runtime\helpers\asyncToGenerator.js:22:9)
    at processTicksAndRejections (node:internal/process/task_queues:95:5) 
    url - /api/user/forgotpass 
    method - POST 
    IP - ::1
   {"timestamp":"2024-04-18T09:52:24.177Z"}
error: 
    status - 500 
    message - JsonWebTokenError: invalid token
    at Object.verify (C:\javascript_vuejs\nodejs\crud-project\node_modules\jsonwebtoken\verify.js:75:17)
    at _callee$ (C:\javascript_vuejs\nodejs\crud-project\src\middlewares\/auth.middleware.js:27:28)
    at tryCatch (C:\javascript_vuejs\nodejs\crud-project\node_modules\@babel\runtime\helpers\regeneratorRuntime.js:45:16)
    at Generator.<anonymous> (C:\javascript_vuejs\nodejs\crud-project\node_modules\@babel\runtime\helpers\regeneratorRuntime.js:133:17)
    at Generator.next (C:\javascript_vuejs\nodejs\crud-project\node_modules\@babel\runtime\helpers\regeneratorRuntime.js:74:21)
    at asyncGeneratorStep (C:\javascript_vuejs\nodejs\crud-project\node_modules\@babel\runtime\helpers\asyncToGenerator.js:3:24)
    at _next (C:\javascript_vuejs\nodejs\crud-project\node_modules\@babel\runtime\helpers\asyncToGenerator.js:22:9)
    at C:\javascript_vuejs\nodejs\crud-project\node_modules\@babel\runtime\helpers\asyncToGenerator.js:27:7
    at new Promise (<anonymous>)
    at apply (C:\javascript_vuejs\nodejs\crud-project\node_modules\@babel\runtime\helpers\asyncToGenerator.js:19:12)
    at userAuth (C:\javascript_vuejs\nodejs\crud-project\src\middlewares\/auth.middleware.js:17:22)
    at Layer.handle [as handle_request] (C:\javascript_vuejs\nodejs\crud-project\node_modules\express\lib\router\layer.js:95:5)
    at next (C:\javascript_vuejs\nodejs\crud-project\node_modules\express\lib\router\route.js:149:13)
    at Route.dispatch (C:\javascript_vuejs\nodejs\crud-project\node_modules\express\lib\router\route.js:119:3)
    at Layer.handle [as handle_request] (C:\javascript_vuejs\nodejs\crud-project\node_modules\express\lib\router\layer.js:95:5)
    at C:\javascript_vuejs\nodejs\crud-project\node_modules\express\lib\router\index.js:284:15
    at Function.process_params (C:\javascript_vuejs\nodejs\crud-project\node_modules\express\lib\router\index.js:346:12)
    at next (C:\javascript_vuejs\nodejs\crud-project\node_modules\express\lib\router\index.js:280:10)
    at Function.handle (C:\javascript_vuejs\nodejs\crud-project\node_modules\express\lib\router\index.js:175:3)
    at router (C:\javascript_vuejs\nodejs\crud-project\node_modules\express\lib\router\index.js:47:12)
    at Layer.handle [as handle_request] (C:\javascript_vuejs\nodejs\crud-project\node_modules\express\lib\router\layer.js:95:5)
    at trim_prefix (C:\javascript_vuejs\nodejs\crud-project\node_modules\express\lib\router\index.js:328:13)
    at C:\javascript_vuejs\nodejs\crud-project\node_modules\express\lib\router\index.js:286:9
    at Function.process_params (C:\javascript_vuejs\nodejs\crud-project\node_modules\express\lib\router\index.js:346:12)
    at next (C:\javascript_vuejs\nodejs\crud-project\node_modules\express\lib\router\index.js:280:10)
    at Function.handle (C:\javascript_vuejs\nodejs\crud-project\node_modules\express\lib\router\index.js:175:3)
    at router (C:\javascript_vuejs\nodejs\crud-project\node_modules\express\lib\router\index.js:47:12)
    at Layer.handle [as handle_request] (C:\javascript_vuejs\nodejs\crud-project\node_modules\express\lib\router\layer.js:95:5)
    at trim_prefix (C:\javascript_vuejs\nodejs\crud-project\node_modules\express\lib\router\index.js:328:13)
    at C:\javascript_vuejs\nodejs\crud-project\node_modules\express\lib\router\index.js:286:9
    at Function.process_params (C:\javascript_vuejs\nodejs\crud-project\node_modules\express\lib\router\index.js:346:12)
    at next (C:\javascript_vuejs\nodejs\crud-project\node_modules\express\lib\router\index.js:280:10)
    at logger (C:\javascript_vuejs\nodejs\crud-project\node_modules\morgan\index.js:144:5)
    at Layer.handle [as handle_request] (C:\javascript_vuejs\nodejs\crud-project\node_modules\express\lib\router\layer.js:95:5)
    at trim_prefix (C:\javascript_vuejs\nodejs\crud-project\node_modules\express\lib\router\index.js:328:13)
    at C:\javascript_vuejs\nodejs\crud-project\node_modules\express\lib\router\index.js:286:9
    at Function.process_params (C:\javascript_vuejs\nodejs\crud-project\node_modules\express\lib\router\index.js:346:12)
    at next (C:\javascript_vuejs\nodejs\crud-project\node_modules\express\lib\router\index.js:280:10)
    at C:\javascript_vuejs\nodejs\crud-project\node_modules\body-parser\lib\read.js:137:5
    at AsyncResource.runInAsyncScope (node:async_hooks:204:9)
    at invokeCallback (C:\javascript_vuejs\nodejs\crud-project\node_modules\raw-body\index.js:238:16)
    at done (C:\javascript_vuejs\nodejs\crud-project\node_modules\raw-body\index.js:227:7)
    at IncomingMessage.onEnd (C:\javascript_vuejs\nodejs\crud-project\node_modules\raw-body\index.js:287:7)
    at IncomingMessage.emit (node:events:513:28)
    at IncomingMessage.emit (node:domain:489:12)
    at endReadableNT (node:internal/streams/readable:1359:12)
    at processTicksAndRejections (node:internal/process/task_queues:82:21) 
    url - /api/user/resetpass 
    method - POST 
    IP - ::1
   {"timestamp":"2024-04-18T09:52:40.808Z"}
error: 
    status - 500 
    message - JsonWebTokenError: invalid token
    at Object.verify (C:\javascript_vuejs\nodejs\crud-project\node_modules\jsonwebtoken\verify.js:75:17)
    at _callee$ (C:\javascript_vuejs\nodejs\crud-project\src\middlewares\/auth.middleware.js:27:28)
    at tryCatch (C:\javascript_vuejs\nodejs\crud-project\node_modules\@babel\runtime\helpers\regeneratorRuntime.js:45:16)
    at Generator.<anonymous> (C:\javascript_vuejs\nodejs\crud-project\node_modules\@babel\runtime\helpers\regeneratorRuntime.js:133:17)
    at Generator.next (C:\javascript_vuejs\nodejs\crud-project\node_modules\@babel\runtime\helpers\regeneratorRuntime.js:74:21)
    at asyncGeneratorStep (C:\javascript_vuejs\nodejs\crud-project\node_modules\@babel\runtime\helpers\asyncToGenerator.js:3:24)
    at _next (C:\javascript_vuejs\nodejs\crud-project\node_modules\@babel\runtime\helpers\asyncToGenerator.js:22:9)
    at C:\javascript_vuejs\nodejs\crud-project\node_modules\@babel\runtime\helpers\asyncToGenerator.js:27:7
    at new Promise (<anonymous>)
    at apply (C:\javascript_vuejs\nodejs\crud-project\node_modules\@babel\runtime\helpers\asyncToGenerator.js:19:12)
    at userAuth (C:\javascript_vuejs\nodejs\crud-project\src\middlewares\/auth.middleware.js:17:22)
    at Layer.handle [as handle_request] (C:\javascript_vuejs\nodejs\crud-project\node_modules\express\lib\router\layer.js:95:5)
    at next (C:\javascript_vuejs\nodejs\crud-project\node_modules\express\lib\router\route.js:149:13)
    at Route.dispatch (C:\javascript_vuejs\nodejs\crud-project\node_modules\express\lib\router\route.js:119:3)
    at Layer.handle [as handle_request] (C:\javascript_vuejs\nodejs\crud-project\node_modules\express\lib\router\layer.js:95:5)
    at C:\javascript_vuejs\nodejs\crud-project\node_modules\express\lib\router\index.js:284:15
    at Function.process_params (C:\javascript_vuejs\nodejs\crud-project\node_modules\express\lib\router\index.js:346:12)
    at next (C:\javascript_vuejs\nodejs\crud-project\node_modules\express\lib\router\index.js:280:10)
    at Function.handle (C:\javascript_vuejs\nodejs\crud-project\node_modules\express\lib\router\index.js:175:3)
    at router (C:\javascript_vuejs\nodejs\crud-project\node_modules\express\lib\router\index.js:47:12)
    at Layer.handle [as handle_request] (C:\javascript_vuejs\nodejs\crud-project\node_modules\express\lib\router\layer.js:95:5)
    at trim_prefix (C:\javascript_vuejs\nodejs\crud-project\node_modules\express\lib\router\index.js:328:13)
    at C:\javascript_vuejs\nodejs\crud-project\node_modules\express\lib\router\index.js:286:9
    at Function.process_params (C:\javascript_vuejs\nodejs\crud-project\node_modules\express\lib\router\index.js:346:12)
    at next (C:\javascript_vuejs\nodejs\crud-project\node_modules\express\lib\router\index.js:280:10)
    at Function.handle (C:\javascript_vuejs\nodejs\crud-project\node_modules\express\lib\router\index.js:175:3)
    at router (C:\javascript_vuejs\nodejs\crud-project\node_modules\express\lib\router\index.js:47:12)
    at Layer.handle [as handle_request] (C:\javascript_vuejs\nodejs\crud-project\node_modules\express\lib\router\layer.js:95:5)
    at trim_prefix (C:\javascript_vuejs\nodejs\crud-project\node_modules\express\lib\router\index.js:328:13)
    at C:\javascript_vuejs\nodejs\crud-project\node_modules\express\lib\router\index.js:286:9
    at Function.process_params (C:\javascript_vuejs\nodejs\crud-project\node_modules\express\lib\router\index.js:346:12)
    at next (C:\javascript_vuejs\nodejs\crud-project\node_modules\express\lib\router\index.js:280:10)
    at logger (C:\javascript_vuejs\nodejs\crud-project\node_modules\morgan\index.js:144:5)
    at Layer.handle [as handle_request] (C:\javascript_vuejs\nodejs\crud-project\node_modules\express\lib\router\layer.js:95:5)
    at trim_prefix (C:\javascript_vuejs\nodejs\crud-project\node_modules\express\lib\router\index.js:328:13)
    at C:\javascript_vuejs\nodejs\crud-project\node_modules\express\lib\router\index.js:286:9
    at Function.process_params (C:\javascript_vuejs\nodejs\crud-project\node_modules\express\lib\router\index.js:346:12)
    at next (C:\javascript_vuejs\nodejs\crud-project\node_modules\express\lib\router\index.js:280:10)
    at C:\javascript_vuejs\nodejs\crud-project\node_modules\body-parser\lib\read.js:137:5
    at AsyncResource.runInAsyncScope (node:async_hooks:204:9)
    at invokeCallback (C:\javascript_vuejs\nodejs\crud-project\node_modules\raw-body\index.js:238:16)
    at done (C:\javascript_vuejs\nodejs\crud-project\node_modules\raw-body\index.js:227:7)
    at IncomingMessage.onEnd (C:\javascript_vuejs\nodejs\crud-project\node_modules\raw-body\index.js:287:7)
    at IncomingMessage.emit (node:events:513:28)
    at IncomingMessage.emit (node:domain:489:12)
    at endReadableNT (node:internal/streams/readable:1359:12)
    at processTicksAndRejections (node:internal/process/task_queues:82:21) 
    url - /api/user/resetpass 
    method - POST 
    IP - ::1
   {"timestamp":"2024-04-18T09:53:54.062Z"}
info: Server started at http://localhost:3000/api/ {"timestamp":"2024-04-18T09:54:40.509Z"}
info: Connected to the database. {"timestamp":"2024-04-18T09:54:40.537Z"}
error: 
    status - 500 
    message - JsonWebTokenError: invalid token
    at Object.verify (C:\javascript_vuejs\nodejs\crud-project\node_modules\jsonwebtoken\verify.js:75:17)
    at _callee$ (C:\javascript_vuejs\nodejs\crud-project\src\middlewares\/auth.middleware.js:27:28)
    at tryCatch (C:\javascript_vuejs\nodejs\crud-project\node_modules\@babel\runtime\helpers\regeneratorRuntime.js:45:16)
    at Generator.<anonymous> (C:\javascript_vuejs\nodejs\crud-project\node_modules\@babel\runtime\helpers\regeneratorRuntime.js:133:17)
    at Generator.next (C:\javascript_vuejs\nodejs\crud-project\node_modules\@babel\runtime\helpers\regeneratorRuntime.js:74:21)
    at asyncGeneratorStep (C:\javascript_vuejs\nodejs\crud-project\node_modules\@babel\runtime\helpers\asyncToGenerator.js:3:24)
    at _next (C:\javascript_vuejs\nodejs\crud-project\node_modules\@babel\runtime\helpers\asyncToGenerator.js:22:9)
    at C:\javascript_vuejs\nodejs\crud-project\node_modules\@babel\runtime\helpers\asyncToGenerator.js:27:7
    at new Promise (<anonymous>)
    at apply (C:\javascript_vuejs\nodejs\crud-project\node_modules\@babel\runtime\helpers\asyncToGenerator.js:19:12)
    at userAuth (C:\javascript_vuejs\nodejs\crud-project\src\middlewares\/auth.middleware.js:17:22)
    at Layer.handle [as handle_request] (C:\javascript_vuejs\nodejs\crud-project\node_modules\express\lib\router\layer.js:95:5)
    at next (C:\javascript_vuejs\nodejs\crud-project\node_modules\express\lib\router\route.js:149:13)
    at Route.dispatch (C:\javascript_vuejs\nodejs\crud-project\node_modules\express\lib\router\route.js:119:3)
    at Layer.handle [as handle_request] (C:\javascript_vuejs\nodejs\crud-project\node_modules\express\lib\router\layer.js:95:5)
    at C:\javascript_vuejs\nodejs\crud-project\node_modules\express\lib\router\index.js:284:15
    at Function.process_params (C:\javascript_vuejs\nodejs\crud-project\node_modules\express\lib\router\index.js:346:12)
    at next (C:\javascript_vuejs\nodejs\crud-project\node_modules\express\lib\router\index.js:280:10)
    at Function.handle (C:\javascript_vuejs\nodejs\crud-project\node_modules\express\lib\router\index.js:175:3)
    at router (C:\javascript_vuejs\nodejs\crud-project\node_modules\express\lib\router\index.js:47:12)
    at Layer.handle [as handle_request] (C:\javascript_vuejs\nodejs\crud-project\node_modules\express\lib\router\layer.js:95:5)
    at trim_prefix (C:\javascript_vuejs\nodejs\crud-project\node_modules\express\lib\router\index.js:328:13)
    at C:\javascript_vuejs\nodejs\crud-project\node_modules\express\lib\router\index.js:286:9
    at Function.process_params (C:\javascript_vuejs\nodejs\crud-project\node_modules\express\lib\router\index.js:346:12)
    at next (C:\javascript_vuejs\nodejs\crud-project\node_modules\express\lib\router\index.js:280:10)
    at Function.handle (C:\javascript_vuejs\nodejs\crud-project\node_modules\express\lib\router\index.js:175:3)
    at router (C:\javascript_vuejs\nodejs\crud-project\node_modules\express\lib\router\index.js:47:12)
    at Layer.handle [as handle_request] (C:\javascript_vuejs\nodejs\crud-project\node_modules\express\lib\router\layer.js:95:5)
    at trim_prefix (C:\javascript_vuejs\nodejs\crud-project\node_modules\express\lib\router\index.js:328:13)
    at C:\javascript_vuejs\nodejs\crud-project\node_modules\express\lib\router\index.js:286:9
    at Function.process_params (C:\javascript_vuejs\nodejs\crud-project\node_modules\express\lib\router\index.js:346:12)
    at next (C:\javascript_vuejs\nodejs\crud-project\node_modules\express\lib\router\index.js:280:10)
    at logger (C:\javascript_vuejs\nodejs\crud-project\node_modules\morgan\index.js:144:5)
    at Layer.handle [as handle_request] (C:\javascript_vuejs\nodejs\crud-project\node_modules\express\lib\router\layer.js:95:5)
    at trim_prefix (C:\javascript_vuejs\nodejs\crud-project\node_modules\express\lib\router\index.js:328:13)
    at C:\javascript_vuejs\nodejs\crud-project\node_modules\express\lib\router\index.js:286:9
    at Function.process_params (C:\javascript_vuejs\nodejs\crud-project\node_modules\express\lib\router\index.js:346:12)
    at next (C:\javascript_vuejs\nodejs\crud-project\node_modules\express\lib\router\index.js:280:10)
    at C:\javascript_vuejs\nodejs\crud-project\node_modules\body-parser\lib\read.js:137:5
    at AsyncResource.runInAsyncScope (node:async_hooks:204:9)
    at invokeCallback (C:\javascript_vuejs\nodejs\crud-project\node_modules\raw-body\index.js:238:16)
    at done (C:\javascript_vuejs\nodejs\crud-project\node_modules\raw-body\index.js:227:7)
    at IncomingMessage.onEnd (C:\javascript_vuejs\nodejs\crud-project\node_modules\raw-body\index.js:287:7)
    at IncomingMessage.emit (node:events:513:28)
    at IncomingMessage.emit (node:domain:489:12)
    at endReadableNT (node:internal/streams/readable:1359:12)
    at processTicksAndRejections (node:internal/process/task_queues:82:21) 
    url - /api/user/resetpass 
    method - POST 
    IP - ::1
   {"timestamp":"2024-04-18T09:54:43.648Z"}
info: Server started at http://localhost:3000/api/ {"timestamp":"2024-04-18T09:55:50.683Z"}
info: Connected to the database. {"timestamp":"2024-04-18T09:55:50.711Z"}
info: Server started at http://localhost:3000/api/ {"timestamp":"2024-04-18T09:55:54.506Z"}
info: Connected to the database. {"timestamp":"2024-04-18T09:55:54.530Z"}
info: Server started at http://localhost:3000/api/ {"timestamp":"2024-04-18T09:57:35.137Z"}
info: Connected to the database. {"timestamp":"2024-04-18T09:57:35.163Z"}
info: Server started at http://localhost:3000/api/ {"timestamp":"2024-04-18T09:57:56.418Z"}
info: Connected to the database. {"timestamp":"2024-04-18T09:57:56.446Z"}
info: Server started at http://localhost:3000/api/ {"timestamp":"2024-04-18T09:58:07.731Z"}
info: Connected to the database. {"timestamp":"2024-04-18T09:58:07.758Z"}
error: 
    status - 500 
    message - JsonWebTokenError: invalid token
    at Object.verify (C:\javascript_vuejs\nodejs\crud-project\node_modules\jsonwebtoken\verify.js:75:17)
    at _callee$ (C:\javascript_vuejs\nodejs\crud-project\src\middlewares\/auth.middleware.js:27:28)
    at tryCatch (C:\javascript_vuejs\nodejs\crud-project\node_modules\@babel\runtime\helpers\regeneratorRuntime.js:45:16)
    at Generator.<anonymous> (C:\javascript_vuejs\nodejs\crud-project\node_modules\@babel\runtime\helpers\regeneratorRuntime.js:133:17)
    at Generator.next (C:\javascript_vuejs\nodejs\crud-project\node_modules\@babel\runtime\helpers\regeneratorRuntime.js:74:21)
    at asyncGeneratorStep (C:\javascript_vuejs\nodejs\crud-project\node_modules\@babel\runtime\helpers\asyncToGenerator.js:3:24)
    at _next (C:\javascript_vuejs\nodejs\crud-project\node_modules\@babel\runtime\helpers\asyncToGenerator.js:22:9)
    at C:\javascript_vuejs\nodejs\crud-project\node_modules\@babel\runtime\helpers\asyncToGenerator.js:27:7
    at new Promise (<anonymous>)
    at apply (C:\javascript_vuejs\nodejs\crud-project\node_modules\@babel\runtime\helpers\asyncToGenerator.js:19:12)
    at userAuth (C:\javascript_vuejs\nodejs\crud-project\src\middlewares\/auth.middleware.js:17:22)
    at Layer.handle [as handle_request] (C:\javascript_vuejs\nodejs\crud-project\node_modules\express\lib\router\layer.js:95:5)
    at next (C:\javascript_vuejs\nodejs\crud-project\node_modules\express\lib\router\route.js:149:13)
    at Route.dispatch (C:\javascript_vuejs\nodejs\crud-project\node_modules\express\lib\router\route.js:119:3)
    at Layer.handle [as handle_request] (C:\javascript_vuejs\nodejs\crud-project\node_modules\express\lib\router\layer.js:95:5)
    at C:\javascript_vuejs\nodejs\crud-project\node_modules\express\lib\router\index.js:284:15
    at Function.process_params (C:\javascript_vuejs\nodejs\crud-project\node_modules\express\lib\router\index.js:346:12)
    at next (C:\javascript_vuejs\nodejs\crud-project\node_modules\express\lib\router\index.js:280:10)
    at Function.handle (C:\javascript_vuejs\nodejs\crud-project\node_modules\express\lib\router\index.js:175:3)
    at router (C:\javascript_vuejs\nodejs\crud-project\node_modules\express\lib\router\index.js:47:12)
    at Layer.handle [as handle_request] (C:\javascript_vuejs\nodejs\crud-project\node_modules\express\lib\router\layer.js:95:5)
    at trim_prefix (C:\javascript_vuejs\nodejs\crud-project\node_modules\express\lib\router\index.js:328:13)
    at C:\javascript_vuejs\nodejs\crud-project\node_modules\express\lib\router\index.js:286:9
    at Function.process_params (C:\javascript_vuejs\nodejs\crud-project\node_modules\express\lib\router\index.js:346:12)
    at next (C:\javascript_vuejs\nodejs\crud-project\node_modules\express\lib\router\index.js:280:10)
    at Function.handle (C:\javascript_vuejs\nodejs\crud-project\node_modules\express\lib\router\index.js:175:3)
    at router (C:\javascript_vuejs\nodejs\crud-project\node_modules\express\lib\router\index.js:47:12)
    at Layer.handle [as handle_request] (C:\javascript_vuejs\nodejs\crud-project\node_modules\express\lib\router\layer.js:95:5)
    at trim_prefix (C:\javascript_vuejs\nodejs\crud-project\node_modules\express\lib\router\index.js:328:13)
    at C:\javascript_vuejs\nodejs\crud-project\node_modules\express\lib\router\index.js:286:9
    at Function.process_params (C:\javascript_vuejs\nodejs\crud-project\node_modules\express\lib\router\index.js:346:12)
    at next (C:\javascript_vuejs\nodejs\crud-project\node_modules\express\lib\router\index.js:280:10)
    at logger (C:\javascript_vuejs\nodejs\crud-project\node_modules\morgan\index.js:144:5)
    at Layer.handle [as handle_request] (C:\javascript_vuejs\nodejs\crud-project\node_modules\express\lib\router\layer.js:95:5)
    at trim_prefix (C:\javascript_vuejs\nodejs\crud-project\node_modules\express\lib\router\index.js:328:13)
    at C:\javascript_vuejs\nodejs\crud-project\node_modules\express\lib\router\index.js:286:9
    at Function.process_params (C:\javascript_vuejs\nodejs\crud-project\node_modules\express\lib\router\index.js:346:12)
    at next (C:\javascript_vuejs\nodejs\crud-project\node_modules\express\lib\router\index.js:280:10)
    at C:\javascript_vuejs\nodejs\crud-project\node_modules\body-parser\lib\read.js:137:5
    at AsyncResource.runInAsyncScope (node:async_hooks:204:9)
    at invokeCallback (C:\javascript_vuejs\nodejs\crud-project\node_modules\raw-body\index.js:238:16)
    at done (C:\javascript_vuejs\nodejs\crud-project\node_modules\raw-body\index.js:227:7)
    at IncomingMessage.onEnd (C:\javascript_vuejs\nodejs\crud-project\node_modules\raw-body\index.js:287:7)
    at IncomingMessage.emit (node:events:513:28)
    at IncomingMessage.emit (node:domain:489:12)
    at endReadableNT (node:internal/streams/readable:1359:12)
    at processTicksAndRejections (node:internal/process/task_queues:82:21) 
    url - /api/user/resetpass 
    method - POST 
    IP - ::1
   {"timestamp":"2024-04-18T09:58:10.289Z"}
info: Server started at http://localhost:3000/api/ {"timestamp":"2024-04-18T10:00:31.074Z"}
info: Connected to the database. {"timestamp":"2024-04-18T10:00:31.099Z"}
info: Server started at http://localhost:3000/api/ {"timestamp":"2024-04-18T10:00:36.747Z"}
info: Connected to the database. {"timestamp":"2024-04-18T10:00:36.786Z"}
info: Server started at http://localhost:3000/api/ {"timestamp":"2024-04-18T10:01:33.962Z"}
info: Connected to the database. {"timestamp":"2024-04-18T10:01:33.991Z"}
error: 
    status - 500 
    message - JsonWebTokenError: invalid token
    at Object.verify (C:\javascript_vuejs\nodejs\crud-project\node_modules\jsonwebtoken\verify.js:75:17)
    at _callee$ (C:\javascript_vuejs\nodejs\crud-project\src\middlewares\/auth.middleware.js:27:28)
    at tryCatch (C:\javascript_vuejs\nodejs\crud-project\node_modules\@babel\runtime\helpers\regeneratorRuntime.js:45:16)
    at Generator.<anonymous> (C:\javascript_vuejs\nodejs\crud-project\node_modules\@babel\runtime\helpers\regeneratorRuntime.js:133:17)
    at Generator.next (C:\javascript_vuejs\nodejs\crud-project\node_modules\@babel\runtime\helpers\regeneratorRuntime.js:74:21)
    at asyncGeneratorStep (C:\javascript_vuejs\nodejs\crud-project\node_modules\@babel\runtime\helpers\asyncToGenerator.js:3:24)
    at _next (C:\javascript_vuejs\nodejs\crud-project\node_modules\@babel\runtime\helpers\asyncToGenerator.js:22:9)
    at C:\javascript_vuejs\nodejs\crud-project\node_modules\@babel\runtime\helpers\asyncToGenerator.js:27:7
    at new Promise (<anonymous>)
    at apply (C:\javascript_vuejs\nodejs\crud-project\node_modules\@babel\runtime\helpers\asyncToGenerator.js:19:12)
    at userAuth (C:\javascript_vuejs\nodejs\crud-project\src\middlewares\/auth.middleware.js:17:22)
    at Layer.handle [as handle_request] (C:\javascript_vuejs\nodejs\crud-project\node_modules\express\lib\router\layer.js:95:5)
    at next (C:\javascript_vuejs\nodejs\crud-project\node_modules\express\lib\router\route.js:149:13)
    at Route.dispatch (C:\javascript_vuejs\nodejs\crud-project\node_modules\express\lib\router\route.js:119:3)
    at Layer.handle [as handle_request] (C:\javascript_vuejs\nodejs\crud-project\node_modules\express\lib\router\layer.js:95:5)
    at C:\javascript_vuejs\nodejs\crud-project\node_modules\express\lib\router\index.js:284:15
    at Function.process_params (C:\javascript_vuejs\nodejs\crud-project\node_modules\express\lib\router\index.js:346:12)
    at next (C:\javascript_vuejs\nodejs\crud-project\node_modules\express\lib\router\index.js:280:10)
    at Function.handle (C:\javascript_vuejs\nodejs\crud-project\node_modules\express\lib\router\index.js:175:3)
    at router (C:\javascript_vuejs\nodejs\crud-project\node_modules\express\lib\router\index.js:47:12)
    at Layer.handle [as handle_request] (C:\javascript_vuejs\nodejs\crud-project\node_modules\express\lib\router\layer.js:95:5)
    at trim_prefix (C:\javascript_vuejs\nodejs\crud-project\node_modules\express\lib\router\index.js:328:13)
    at C:\javascript_vuejs\nodejs\crud-project\node_modules\express\lib\router\index.js:286:9
    at Function.process_params (C:\javascript_vuejs\nodejs\crud-project\node_modules\express\lib\router\index.js:346:12)
    at next (C:\javascript_vuejs\nodejs\crud-project\node_modules\express\lib\router\index.js:280:10)
    at Function.handle (C:\javascript_vuejs\nodejs\crud-project\node_modules\express\lib\router\index.js:175:3)
    at router (C:\javascript_vuejs\nodejs\crud-project\node_modules\express\lib\router\index.js:47:12)
    at Layer.handle [as handle_request] (C:\javascript_vuejs\nodejs\crud-project\node_modules\express\lib\router\layer.js:95:5)
    at trim_prefix (C:\javascript_vuejs\nodejs\crud-project\node_modules\express\lib\router\index.js:328:13)
    at C:\javascript_vuejs\nodejs\crud-project\node_modules\express\lib\router\index.js:286:9
    at Function.process_params (C:\javascript_vuejs\nodejs\crud-project\node_modules\express\lib\router\index.js:346:12)
    at next (C:\javascript_vuejs\nodejs\crud-project\node_modules\express\lib\router\index.js:280:10)
    at logger (C:\javascript_vuejs\nodejs\crud-project\node_modules\morgan\index.js:144:5)
    at Layer.handle [as handle_request] (C:\javascript_vuejs\nodejs\crud-project\node_modules\express\lib\router\layer.js:95:5)
    at trim_prefix (C:\javascript_vuejs\nodejs\crud-project\node_modules\express\lib\router\index.js:328:13)
    at C:\javascript_vuejs\nodejs\crud-project\node_modules\express\lib\router\index.js:286:9
    at Function.process_params (C:\javascript_vuejs\nodejs\crud-project\node_modules\express\lib\router\index.js:346:12)
    at next (C:\javascript_vuejs\nodejs\crud-project\node_modules\express\lib\router\index.js:280:10)
    at C:\javascript_vuejs\nodejs\crud-project\node_modules\body-parser\lib\read.js:137:5
    at AsyncResource.runInAsyncScope (node:async_hooks:204:9)
    at invokeCallback (C:\javascript_vuejs\nodejs\crud-project\node_modules\raw-body\index.js:238:16)
    at done (C:\javascript_vuejs\nodejs\crud-project\node_modules\raw-body\index.js:227:7)
    at IncomingMessage.onEnd (C:\javascript_vuejs\nodejs\crud-project\node_modules\raw-body\index.js:287:7)
    at IncomingMessage.emit (node:events:513:28)
    at IncomingMessage.emit (node:domain:489:12)
    at endReadableNT (node:internal/streams/readable:1359:12)
    at processTicksAndRejections (node:internal/process/task_queues:82:21) 
    url - /api/user/resetpass 
    method - POST 
    IP - ::1
   {"timestamp":"2024-04-18T10:01:37.014Z"}
info: Server started at http://localhost:3000/api/ {"timestamp":"2024-04-18T10:02:14.891Z"}
info: Connected to the database. {"timestamp":"2024-04-18T10:02:14.922Z"}
info: Server started at http://localhost:3000/api/ {"timestamp":"2024-04-18T10:02:27.350Z"}
info: Connected to the database. {"timestamp":"2024-04-18T10:02:27.374Z"}
error: 
    status - 500 
    message - Error: Cannot set headers after they are sent to the client
    at new NodeError (node:internal/errors:400:5)
    at ServerResponse.setHeader (node:_http_outgoing:663:11)
    at ServerResponse.header (C:\javascript_vuejs\nodejs\crud-project\node_modules\express\lib\response.js:795:10)
    at ServerResponse.send (C:\javascript_vuejs\nodejs\crud-project\node_modules\express\lib\response.js:175:12)
    at ServerResponse.json (C:\javascript_vuejs\nodejs\crud-project\node_modules\express\lib\response.js:279:15)
    at _callee2$ (C:\javascript_vuejs\nodejs\crud-project\src\controllers\/user.controller.js:72:37)
    at tryCatch (C:\javascript_vuejs\nodejs\crud-project\node_modules\@babel\runtime\helpers\regeneratorRuntime.js:45:16)
    at Generator.<anonymous> (C:\javascript_vuejs\nodejs\crud-project\node_modules\@babel\runtime\helpers\regeneratorRuntime.js:133:17)
    at Generator.next (C:\javascript_vuejs\nodejs\crud-project\node_modules\@babel\runtime\helpers\regeneratorRuntime.js:74:21)
    at asyncGeneratorStep (C:\javascript_vuejs\nodejs\crud-project\node_modules\@babel\runtime\helpers\asyncToGenerator.js:3:24)
    at _next (C:\javascript_vuejs\nodejs\crud-project\node_modules\@babel\runtime\helpers\asyncToGenerator.js:22:9)
    at processTicksAndRejections (node:internal/process/task_queues:95:5) 
    url - /api/user/forgotpass 
    method - POST 
    IP - ::1
   {"timestamp":"2024-04-18T10:05:34.958Z"}
info: Server started at http://localhost:3000/api/ {"timestamp":"2024-04-18T10:07:34.162Z"}
info: Connected to the database. {"timestamp":"2024-04-18T10:07:34.183Z"}
info: Server started at http://localhost:3000/api/ {"timestamp":"2024-04-18T10:13:34.610Z"}
info: Connected to the database. {"timestamp":"2024-04-18T10:13:34.636Z"}
error: 
    status - 500 
    message - Error: Cannot set headers after they are sent to the client
    at new NodeError (node:internal/errors:400:5)
    at ServerResponse.setHeader (node:_http_outgoing:663:11)
    at ServerResponse.header (C:\javascript_vuejs\nodejs\crud-project\node_modules\express\lib\response.js:795:10)
    at ServerResponse.send (C:\javascript_vuejs\nodejs\crud-project\node_modules\express\lib\response.js:175:12)
    at ServerResponse.json (C:\javascript_vuejs\nodejs\crud-project\node_modules\express\lib\response.js:279:15)
    at _callee2$ (C:\javascript_vuejs\nodejs\crud-project\src\controllers\/user.controller.js:72:37)
    at tryCatch (C:\javascript_vuejs\nodejs\crud-project\node_modules\@babel\runtime\helpers\regeneratorRuntime.js:45:16)
    at Generator.<anonymous> (C:\javascript_vuejs\nodejs\crud-project\node_modules\@babel\runtime\helpers\regeneratorRuntime.js:133:17)
    at Generator.next (C:\javascript_vuejs\nodejs\crud-project\node_modules\@babel\runtime\helpers\regeneratorRuntime.js:74:21)
    at asyncGeneratorStep (C:\javascript_vuejs\nodejs\crud-project\node_modules\@babel\runtime\helpers\asyncToGenerator.js:3:24)
    at _next (C:\javascript_vuejs\nodejs\crud-project\node_modules\@babel\runtime\helpers\asyncToGenerator.js:22:9)
    at processTicksAndRejections (node:internal/process/task_queues:95:5) 
    url - /api/user/forgotpass 
    method - POST 
    IP - ::1
   {"timestamp":"2024-04-18T10:13:41.844Z"}
info: Server started at http://localhost:3000/api/ {"timestamp":"2024-04-18T10:14:49.985Z"}
info: Connected to the database. {"timestamp":"2024-04-18T10:14:50.005Z"}
info: Server started at http://localhost:3000/api/ {"timestamp":"2024-04-18T10:14:58.526Z"}
info: Connected to the database. {"timestamp":"2024-04-18T10:14:58.550Z"}
info: Server started at http://localhost:3000/api/ {"timestamp":"2024-04-18T10:15:31.963Z"}
info: Connected to the database. {"timestamp":"2024-04-18T10:15:31.984Z"}
error: 
    status - 500 
    message - Error: Cannot set headers after they are sent to the client
    at new NodeError (node:internal/errors:400:5)
    at ServerResponse.setHeader (node:_http_outgoing:663:11)
    at ServerResponse.header (C:\javascript_vuejs\nodejs\crud-project\node_modules\express\lib\response.js:795:10)
    at ServerResponse.send (C:\javascript_vuejs\nodejs\crud-project\node_modules\express\lib\response.js:175:12)
    at ServerResponse.json (C:\javascript_vuejs\nodejs\crud-project\node_modules\express\lib\response.js:279:15)
    at _callee2$ (C:\javascript_vuejs\nodejs\crud-project\src\controllers\/user.controller.js:72:37)
    at tryCatch (C:\javascript_vuejs\nodejs\crud-project\node_modules\@babel\runtime\helpers\regeneratorRuntime.js:45:16)
    at Generator.<anonymous> (C:\javascript_vuejs\nodejs\crud-project\node_modules\@babel\runtime\helpers\regeneratorRuntime.js:133:17)
    at Generator.next (C:\javascript_vuejs\nodejs\crud-project\node_modules\@babel\runtime\helpers\regeneratorRuntime.js:74:21)
    at asyncGeneratorStep (C:\javascript_vuejs\nodejs\crud-project\node_modules\@babel\runtime\helpers\asyncToGenerator.js:3:24)
    at _next (C:\javascript_vuejs\nodejs\crud-project\node_modules\@babel\runtime\helpers\asyncToGenerator.js:22:9)
    at processTicksAndRejections (node:internal/process/task_queues:95:5) 
    url - /api/user/forgotpass 
    method - POST 
    IP - ::1
   {"timestamp":"2024-04-18T10:15:47.331Z"}
info: Server started at http://localhost:3000/api/ {"timestamp":"2024-04-18T10:17:05.757Z"}
info: Connected to the database. {"timestamp":"2024-04-18T10:17:05.783Z"}
info: Server started at http://localhost:3000/api/ {"timestamp":"2024-04-18T10:18:43.182Z"}
info: Connected to the database. {"timestamp":"2024-04-18T10:18:43.208Z"}
info: Server started at http://localhost:3000/api/ {"timestamp":"2024-04-18T10:24:38.843Z"}
info: Connected to the database. {"timestamp":"2024-04-18T10:24:38.867Z"}
info: Server started at http://localhost:3000/api/ {"timestamp":"2024-04-18T10:24:53.577Z"}
info: Connected to the database. {"timestamp":"2024-04-18T10:24:53.609Z"}
info: Server started at http://localhost:3000/api/ {"timestamp":"2024-04-18T10:25:20.941Z"}
info: Connected to the database. {"timestamp":"2024-04-18T10:25:21.033Z"}
info: Server started at http://localhost:3000/api/ {"timestamp":"2024-04-18T10:25:34.652Z"}
info: Connected to the database. {"timestamp":"2024-04-18T10:25:34.675Z"}
error: 
    status - 500 
    message - ReferenceError: setToken is not defined
    at _callee4$ (C:\javascript_vuejs\nodejs\crud-project\src\services\/user.service.js:62:13)
    at tryCatch (C:\javascript_vuejs\nodejs\crud-project\node_modules\@babel\runtime\helpers\regeneratorRuntime.js:45:16)
    at Generator.<anonymous> (C:\javascript_vuejs\nodejs\crud-project\node_modules\@babel\runtime\helpers\regeneratorRuntime.js:133:17)
    at Generator.next (C:\javascript_vuejs\nodejs\crud-project\node_modules\@babel\runtime\helpers\regeneratorRuntime.js:74:21)
    at asyncGeneratorStep (C:\javascript_vuejs\nodejs\crud-project\node_modules\@babel\runtime\helpers\asyncToGenerator.js:3:24)
    at _next (C:\javascript_vuejs\nodejs\crud-project\node_modules\@babel\runtime\helpers\asyncToGenerator.js:22:9)
    at processTicksAndRejections (node:internal/process/task_queues:95:5) 
    url - /api/user/login 
    method - POST 
    IP - ::1
   {"timestamp":"2024-04-18T10:25:49.416Z"}
error: 
    status - 500 
    message - JsonWebTokenError: invalid token
    at Object.verify (C:\javascript_vuejs\nodejs\crud-project\node_modules\jsonwebtoken\verify.js:75:17)
    at _callee$ (C:\javascript_vuejs\nodejs\crud-project\src\middlewares\/auth.middleware.js:25:28)
    at tryCatch (C:\javascript_vuejs\nodejs\crud-project\node_modules\@babel\runtime\helpers\regeneratorRuntime.js:45:16)
    at Generator.<anonymous> (C:\javascript_vuejs\nodejs\crud-project\node_modules\@babel\runtime\helpers\regeneratorRuntime.js:133:17)
    at Generator.next (C:\javascript_vuejs\nodejs\crud-project\node_modules\@babel\runtime\helpers\regeneratorRuntime.js:74:21)
    at asyncGeneratorStep (C:\javascript_vuejs\nodejs\crud-project\node_modules\@babel\runtime\helpers\asyncToGenerator.js:3:24)
    at _next (C:\javascript_vuejs\nodejs\crud-project\node_modules\@babel\runtime\helpers\asyncToGenerator.js:22:9)
    at C:\javascript_vuejs\nodejs\crud-project\node_modules\@babel\runtime\helpers\asyncToGenerator.js:27:7
    at new Promise (<anonymous>)
    at apply (C:\javascript_vuejs\nodejs\crud-project\node_modules\@babel\runtime\helpers\asyncToGenerator.js:19:12)
    at userAuth (C:\javascript_vuejs\nodejs\crud-project\src\middlewares\/auth.middleware.js:15:22)
    at Layer.handle [as handle_request] (C:\javascript_vuejs\nodejs\crud-project\node_modules\express\lib\router\layer.js:95:5)
    at next (C:\javascript_vuejs\nodejs\crud-project\node_modules\express\lib\router\route.js:149:13)
    at Route.dispatch (C:\javascript_vuejs\nodejs\crud-project\node_modules\express\lib\router\route.js:119:3)
    at Layer.handle [as handle_request] (C:\javascript_vuejs\nodejs\crud-project\node_modules\express\lib\router\layer.js:95:5)
    at C:\javascript_vuejs\nodejs\crud-project\node_modules\express\lib\router\index.js:284:15
    at Function.process_params (C:\javascript_vuejs\nodejs\crud-project\node_modules\express\lib\router\index.js:346:12)
    at next (C:\javascript_vuejs\nodejs\crud-project\node_modules\express\lib\router\index.js:280:10)
    at Function.handle (C:\javascript_vuejs\nodejs\crud-project\node_modules\express\lib\router\index.js:175:3)
    at router (C:\javascript_vuejs\nodejs\crud-project\node_modules\express\lib\router\index.js:47:12)
    at Layer.handle [as handle_request] (C:\javascript_vuejs\nodejs\crud-project\node_modules\express\lib\router\layer.js:95:5)
    at trim_prefix (C:\javascript_vuejs\nodejs\crud-project\node_modules\express\lib\router\index.js:328:13)
    at C:\javascript_vuejs\nodejs\crud-project\node_modules\express\lib\router\index.js:286:9
    at Function.process_params (C:\javascript_vuejs\nodejs\crud-project\node_modules\express\lib\router\index.js:346:12)
    at next (C:\javascript_vuejs\nodejs\crud-project\node_modules\express\lib\router\index.js:280:10)
    at Function.handle (C:\javascript_vuejs\nodejs\crud-project\node_modules\express\lib\router\index.js:175:3)
    at router (C:\javascript_vuejs\nodejs\crud-project\node_modules\express\lib\router\index.js:47:12)
    at Layer.handle [as handle_request] (C:\javascript_vuejs\nodejs\crud-project\node_modules\express\lib\router\layer.js:95:5)
    at trim_prefix (C:\javascript_vuejs\nodejs\crud-project\node_modules\express\lib\router\index.js:328:13)
    at C:\javascript_vuejs\nodejs\crud-project\node_modules\express\lib\router\index.js:286:9
    at Function.process_params (C:\javascript_vuejs\nodejs\crud-project\node_modules\express\lib\router\index.js:346:12)
    at next (C:\javascript_vuejs\nodejs\crud-project\node_modules\express\lib\router\index.js:280:10)
    at logger (C:\javascript_vuejs\nodejs\crud-project\node_modules\morgan\index.js:144:5)
    at Layer.handle [as handle_request] (C:\javascript_vuejs\nodejs\crud-project\node_modules\express\lib\router\layer.js:95:5)
    at trim_prefix (C:\javascript_vuejs\nodejs\crud-project\node_modules\express\lib\router\index.js:328:13)
    at C:\javascript_vuejs\nodejs\crud-project\node_modules\express\lib\router\index.js:286:9
    at Function.process_params (C:\javascript_vuejs\nodejs\crud-project\node_modules\express\lib\router\index.js:346:12)
    at next (C:\javascript_vuejs\nodejs\crud-project\node_modules\express\lib\router\index.js:280:10)
    at C:\javascript_vuejs\nodejs\crud-project\node_modules\body-parser\lib\read.js:137:5
    at AsyncResource.runInAsyncScope (node:async_hooks:204:9)
    at invokeCallback (C:\javascript_vuejs\nodejs\crud-project\node_modules\raw-body\index.js:238:16)
    at done (C:\javascript_vuejs\nodejs\crud-project\node_modules\raw-body\index.js:227:7)
    at IncomingMessage.onEnd (C:\javascript_vuejs\nodejs\crud-project\node_modules\raw-body\index.js:287:7)
    at IncomingMessage.emit (node:events:513:28)
    at IncomingMessage.emit (node:domain:489:12)
    at endReadableNT (node:internal/streams/readable:1359:12)
    at processTicksAndRejections (node:internal/process/task_queues:82:21) 
    url - /api/user/resetpass 
    method - POST 
    IP - ::1
   {"timestamp":"2024-04-18T10:26:45.599Z"}
info: Server started at http://localhost:3000/api/ {"timestamp":"2024-04-18T10:27:13.934Z"}
info: Connected to the database. {"timestamp":"2024-04-18T10:27:13.966Z"}
info: Server started at http://localhost:3000/api/ {"timestamp":"2024-04-18T10:27:22.389Z"}
info: Connected to the database. {"timestamp":"2024-04-18T10:27:22.414Z"}
info: Server started at http://localhost:3000/api/ {"timestamp":"2024-04-18T10:27:30.969Z"}
info: Connected to the database. {"timestamp":"2024-04-18T10:27:31.010Z"}
info: Server started at http://localhost:3000/api/ {"timestamp":"2024-04-18T10:27:36.730Z"}
info: Connected to the database. {"timestamp":"2024-04-18T10:27:36.756Z"}
info: Server started at http://localhost:3000/api/ {"timestamp":"2024-04-18T10:27:46.865Z"}
info: Connected to the database. {"timestamp":"2024-04-18T10:27:46.934Z"}
info: Server started at http://localhost:3000/api/ {"timestamp":"2024-04-18T10:27:51.867Z"}
info: Connected to the database. {"timestamp":"2024-04-18T10:27:51.891Z"}
info: Server started at http://localhost:3000/api/ {"timestamp":"2024-04-18T10:28:16.346Z"}
info: Connected to the database. {"timestamp":"2024-04-18T10:28:16.388Z"}
info: Server started at http://localhost:3000/api/ {"timestamp":"2024-04-18T10:29:44.143Z"}
info: Connected to the database. {"timestamp":"2024-04-18T10:29:44.164Z"}
info: Server started at http://localhost:3000/api/ {"timestamp":"2024-04-18T10:29:51.713Z"}
info: Connected to the database. {"timestamp":"2024-04-18T10:29:51.730Z"}
info: Server started at http://localhost:3000/api/ {"timestamp":"2024-04-18T10:30:11.782Z"}
info: Connected to the database. {"timestamp":"2024-04-18T10:30:11.835Z"}
info: Server started at http://localhost:3000/api/ {"timestamp":"2024-04-18T10:30:27.130Z"}
info: Connected to the database. {"timestamp":"2024-04-18T10:30:27.156Z"}
info: Server started at http://localhost:3000/api/ {"timestamp":"2024-04-18T10:30:33.199Z"}
info: Connected to the database. {"timestamp":"2024-04-18T10:30:33.227Z"}
info: Server started at http://localhost:3000/api/ {"timestamp":"2024-04-18T10:30:45.697Z"}
info: Connected to the database. {"timestamp":"2024-04-18T10:30:45.723Z"}
error: 
    status - 500 
    message - Error: Cannot set headers after they are sent to the client
    at new NodeError (node:internal/errors:400:5)
    at ServerResponse.setHeader (node:_http_outgoing:663:11)
    at ServerResponse.header (C:\javascript_vuejs\nodejs\crud-project\node_modules\express\lib\response.js:795:10)
    at ServerResponse.send (C:\javascript_vuejs\nodejs\crud-project\node_modules\express\lib\response.js:175:12)
    at ServerResponse.json (C:\javascript_vuejs\nodejs\crud-project\node_modules\express\lib\response.js:279:15)
    at _callee2$ (C:\javascript_vuejs\nodejs\crud-project\src\controllers\/user.controller.js:24:37)
    at tryCatch (C:\javascript_vuejs\nodejs\crud-project\node_modules\@babel\runtime\helpers\regeneratorRuntime.js:45:16)
    at Generator.<anonymous> (C:\javascript_vuejs\nodejs\crud-project\node_modules\@babel\runtime\helpers\regeneratorRuntime.js:133:17)
    at Generator.next (C:\javascript_vuejs\nodejs\crud-project\node_modules\@babel\runtime\helpers\regeneratorRuntime.js:74:21)
    at asyncGeneratorStep (C:\javascript_vuejs\nodejs\crud-project\node_modules\@babel\runtime\helpers\asyncToGenerator.js:3:24)
    at _next (C:\javascript_vuejs\nodejs\crud-project\node_modules\@babel\runtime\helpers\asyncToGenerator.js:22:9)
    at processTicksAndRejections (node:internal/process/task_queues:95:5) 
    url - /api/user/forgotpass 
    method - POST 
    IP - ::1
   {"timestamp":"2024-04-18T10:31:46.679Z"}
info: Server started at http://localhost:3000/api/ {"timestamp":"2024-04-18T10:32:31.347Z"}
info: Connected to the database. {"timestamp":"2024-04-18T10:32:31.367Z"}
info: Server started at http://localhost:3000/api/ {"timestamp":"2024-04-18T10:33:10.759Z"}
info: Connected to the database. {"timestamp":"2024-04-18T10:33:10.780Z"}
info: Server started at http://localhost:3000/api/ {"timestamp":"2024-04-18T10:33:22.281Z"}
info: Connected to the database. {"timestamp":"2024-04-18T10:33:22.305Z"}
info: Server started at http://localhost:3000/api/ {"timestamp":"2024-04-18T10:33:54.857Z"}
info: Connected to the database. {"timestamp":"2024-04-18T10:33:54.879Z"}
error: 
    status - 500 
    message - Error: Cannot set headers after they are sent to the client
    at new NodeError (node:internal/errors:400:5)
    at ServerResponse.setHeader (node:_http_outgoing:663:11)
    at ServerResponse.header (C:\javascript_vuejs\nodejs\crud-project\node_modules\express\lib\response.js:795:10)
    at ServerResponse.send (C:\javascript_vuejs\nodejs\crud-project\node_modules\express\lib\response.js:175:12)
    at ServerResponse.json (C:\javascript_vuejs\nodejs\crud-project\node_modules\express\lib\response.js:279:15)
    at _callee2$ (C:\javascript_vuejs\nodejs\crud-project\src\controllers\/user.controller.js:24:37)
    at tryCatch (C:\javascript_vuejs\nodejs\crud-project\node_modules\@babel\runtime\helpers\regeneratorRuntime.js:45:16)
    at Generator.<anonymous> (C:\javascript_vuejs\nodejs\crud-project\node_modules\@babel\runtime\helpers\regeneratorRuntime.js:133:17)
    at Generator.next (C:\javascript_vuejs\nodejs\crud-project\node_modules\@babel\runtime\helpers\regeneratorRuntime.js:74:21)
    at asyncGeneratorStep (C:\javascript_vuejs\nodejs\crud-project\node_modules\@babel\runtime\helpers\asyncToGenerator.js:3:24)
    at _next (C:\javascript_vuejs\nodejs\crud-project\node_modules\@babel\runtime\helpers\asyncToGenerator.js:22:9)
    at processTicksAndRejections (node:internal/process/task_queues:95:5) 
    url - /api/user/forgotpass 
    method - POST 
    IP - ::1
   {"timestamp":"2024-04-18T10:35:50.317Z"}
info: Server started at http://localhost:3000/api/ {"timestamp":"2024-04-18T10:37:43.878Z"}
info: Connected to the database. {"timestamp":"2024-04-18T10:37:43.899Z"}
error: 
    status - 500 
    message - Error: Cannot set headers after they are sent to the client
    at new NodeError (node:internal/errors:400:5)
    at ServerResponse.setHeader (node:_http_outgoing:663:11)
    at ServerResponse.header (C:\javascript_vuejs\nodejs\crud-project\node_modules\express\lib\response.js:795:10)
    at ServerResponse.send (C:\javascript_vuejs\nodejs\crud-project\node_modules\express\lib\response.js:175:12)
    at ServerResponse.json (C:\javascript_vuejs\nodejs\crud-project\node_modules\express\lib\response.js:279:15)
    at _callee2$ (C:\javascript_vuejs\nodejs\crud-project\src\controllers\/user.controller.js:24:37)
    at tryCatch (C:\javascript_vuejs\nodejs\crud-project\node_modules\@babel\runtime\helpers\regeneratorRuntime.js:45:16)
    at Generator.<anonymous> (C:\javascript_vuejs\nodejs\crud-project\node_modules\@babel\runtime\helpers\regeneratorRuntime.js:133:17)
    at Generator.next (C:\javascript_vuejs\nodejs\crud-project\node_modules\@babel\runtime\helpers\regeneratorRuntime.js:74:21)
    at asyncGeneratorStep (C:\javascript_vuejs\nodejs\crud-project\node_modules\@babel\runtime\helpers\asyncToGenerator.js:3:24)
    at _next (C:\javascript_vuejs\nodejs\crud-project\node_modules\@babel\runtime\helpers\asyncToGenerator.js:22:9)
    at processTicksAndRejections (node:internal/process/task_queues:95:5) 
    url - /api/user/forgotpass 
    method - POST 
    IP - ::1
   {"timestamp":"2024-04-18T10:37:51.656Z"}
info: Server started at http://localhost:3000/api/ {"timestamp":"2024-04-18T10:38:58.743Z"}
info: Connected to the database. {"timestamp":"2024-04-18T10:38:58.761Z"}
info: Server started at http://localhost:3000/api/ {"timestamp":"2024-04-18T10:39:11.669Z"}
info: Connected to the database. {"timestamp":"2024-04-18T10:39:11.691Z"}
info: Server started at http://localhost:3000/api/ {"timestamp":"2024-04-18T10:40:13.391Z"}
info: Connected to the database. {"timestamp":"2024-04-18T10:40:13.409Z"}
error: 
    status - 500 
    message - Error: Cannot set headers after they are sent to the client
    at new NodeError (node:internal/errors:400:5)
    at ServerResponse.setHeader (node:_http_outgoing:663:11)
    at ServerResponse.header (C:\javascript_vuejs\nodejs\crud-project\node_modules\express\lib\response.js:795:10)
    at ServerResponse.send (C:\javascript_vuejs\nodejs\crud-project\node_modules\express\lib\response.js:175:12)
    at ServerResponse.json (C:\javascript_vuejs\nodejs\crud-project\node_modules\express\lib\response.js:279:15)
    at _callee2$ (C:\javascript_vuejs\nodejs\crud-project\src\controllers\/user.controller.js:24:37)
    at tryCatch (C:\javascript_vuejs\nodejs\crud-project\node_modules\@babel\runtime\helpers\regeneratorRuntime.js:45:16)
    at Generator.<anonymous> (C:\javascript_vuejs\nodejs\crud-project\node_modules\@babel\runtime\helpers\regeneratorRuntime.js:133:17)
    at Generator.next (C:\javascript_vuejs\nodejs\crud-project\node_modules\@babel\runtime\helpers\regeneratorRuntime.js:74:21)
    at asyncGeneratorStep (C:\javascript_vuejs\nodejs\crud-project\node_modules\@babel\runtime\helpers\asyncToGenerator.js:3:24)
    at _next (C:\javascript_vuejs\nodejs\crud-project\node_modules\@babel\runtime\helpers\asyncToGenerator.js:22:9)
    at processTicksAndRejections (node:internal/process/task_queues:95:5) 
    url - /api/user/forgotpass 
    method - POST 
    IP - ::1
   {"timestamp":"2024-04-18T10:40:20.192Z"}
info: Server started at http://localhost:3000/api/ {"timestamp":"2024-04-18T10:41:13.331Z"}
info: Connected to the database. {"timestamp":"2024-04-18T10:41:13.354Z"}
error: 
    status - 500 
    message - Error: Cannot set headers after they are sent to the client
    at new NodeError (node:internal/errors:400:5)
    at ServerResponse.setHeader (node:_http_outgoing:663:11)
    at ServerResponse.header (C:\javascript_vuejs\nodejs\crud-project\node_modules\express\lib\response.js:795:10)
    at ServerResponse.send (C:\javascript_vuejs\nodejs\crud-project\node_modules\express\lib\response.js:175:12)
    at ServerResponse.json (C:\javascript_vuejs\nodejs\crud-project\node_modules\express\lib\response.js:279:15)
    at _callee2$ (C:\javascript_vuejs\nodejs\crud-project\src\controllers\/user.controller.js:24:37)
    at tryCatch (C:\javascript_vuejs\nodejs\crud-project\node_modules\@babel\runtime\helpers\regeneratorRuntime.js:45:16)
    at Generator.<anonymous> (C:\javascript_vuejs\nodejs\crud-project\node_modules\@babel\runtime\helpers\regeneratorRuntime.js:133:17)
    at Generator.next (C:\javascript_vuejs\nodejs\crud-project\node_modules\@babel\runtime\helpers\regeneratorRuntime.js:74:21)
    at asyncGeneratorStep (C:\javascript_vuejs\nodejs\crud-project\node_modules\@babel\runtime\helpers\asyncToGenerator.js:3:24)
    at _next (C:\javascript_vuejs\nodejs\crud-project\node_modules\@babel\runtime\helpers\asyncToGenerator.js:22:9)
    at processTicksAndRejections (node:internal/process/task_queues:95:5) 
    url - /api/user/forgotpass 
    method - POST 
    IP - ::1
   {"timestamp":"2024-04-18T10:41:14.167Z"}
info: Server started at http://localhost:3000/api/ {"timestamp":"2024-04-18T10:41:24.773Z"}
info: Connected to the database. {"timestamp":"2024-04-18T10:41:24.791Z"}
error: 
    status - 500 
    message - Error: Cannot set headers after they are sent to the client
    at new NodeError (node:internal/errors:400:5)
    at ServerResponse.setHeader (node:_http_outgoing:663:11)
    at ServerResponse.header (C:\javascript_vuejs\nodejs\crud-project\node_modules\express\lib\response.js:795:10)
    at ServerResponse.send (C:\javascript_vuejs\nodejs\crud-project\node_modules\express\lib\response.js:175:12)
    at ServerResponse.json (C:\javascript_vuejs\nodejs\crud-project\node_modules\express\lib\response.js:279:15)
    at _callee2$ (C:\javascript_vuejs\nodejs\crud-project\src\controllers\/user.controller.js:24:37)
    at tryCatch (C:\javascript_vuejs\nodejs\crud-project\node_modules\@babel\runtime\helpers\regeneratorRuntime.js:45:16)
    at Generator.<anonymous> (C:\javascript_vuejs\nodejs\crud-project\node_modules\@babel\runtime\helpers\regeneratorRuntime.js:133:17)
    at Generator.next (C:\javascript_vuejs\nodejs\crud-project\node_modules\@babel\runtime\helpers\regeneratorRuntime.js:74:21)
    at asyncGeneratorStep (C:\javascript_vuejs\nodejs\crud-project\node_modules\@babel\runtime\helpers\asyncToGenerator.js:3:24)
    at _next (C:\javascript_vuejs\nodejs\crud-project\node_modules\@babel\runtime\helpers\asyncToGenerator.js:22:9)
    at processTicksAndRejections (node:internal/process/task_queues:95:5) 
    url - /api/user/forgotpass 
    method - POST 
    IP - ::1
   {"timestamp":"2024-04-18T10:42:21.542Z"}
info: Server started at http://localhost:3000/api/ {"timestamp":"2024-04-18T10:48:51.058Z"}
info: Connected to the database. {"timestamp":"2024-04-18T10:48:51.078Z"}
error: 
    status - 500 
    message - Error: Cannot set headers after they are sent to the client
    at new NodeError (node:internal/errors:400:5)
    at ServerResponse.setHeader (node:_http_outgoing:663:11)
    at ServerResponse.header (C:\javascript_vuejs\nodejs\crud-project\node_modules\express\lib\response.js:795:10)
    at ServerResponse.send (C:\javascript_vuejs\nodejs\crud-project\node_modules\express\lib\response.js:175:12)
    at ServerResponse.json (C:\javascript_vuejs\nodejs\crud-project\node_modules\express\lib\response.js:279:15)
    at _callee2$ (C:\javascript_vuejs\nodejs\crud-project\src\controllers\/user.controller.js:24:37)
    at tryCatch (C:\javascript_vuejs\nodejs\crud-project\node_modules\@babel\runtime\helpers\regeneratorRuntime.js:45:16)
    at Generator.<anonymous> (C:\javascript_vuejs\nodejs\crud-project\node_modules\@babel\runtime\helpers\regeneratorRuntime.js:133:17)
    at Generator.next (C:\javascript_vuejs\nodejs\crud-project\node_modules\@babel\runtime\helpers\regeneratorRuntime.js:74:21)
    at asyncGeneratorStep (C:\javascript_vuejs\nodejs\crud-project\node_modules\@babel\runtime\helpers\asyncToGenerator.js:3:24)
    at _next (C:\javascript_vuejs\nodejs\crud-project\node_modules\@babel\runtime\helpers\asyncToGenerator.js:22:9)
    at processTicksAndRejections (node:internal/process/task_queues:95:5) 
    url - /api/user/forgotpass 
    method - POST 
    IP - ::1
   {"timestamp":"2024-04-18T10:48:52.201Z"}
error: 
    status - 500 
    message - Error: Cannot set headers after they are sent to the client
    at new NodeError (node:internal/errors:400:5)
    at ServerResponse.setHeader (node:_http_outgoing:663:11)
    at ServerResponse.header (C:\javascript_vuejs\nodejs\crud-project\node_modules\express\lib\response.js:795:10)
    at ServerResponse.send (C:\javascript_vuejs\nodejs\crud-project\node_modules\express\lib\response.js:175:12)
    at ServerResponse.json (C:\javascript_vuejs\nodejs\crud-project\node_modules\express\lib\response.js:279:15)
    at _callee2$ (C:\javascript_vuejs\nodejs\crud-project\src\controllers\/user.controller.js:24:37)
    at tryCatch (C:\javascript_vuejs\nodejs\crud-project\node_modules\@babel\runtime\helpers\regeneratorRuntime.js:45:16)
    at Generator.<anonymous> (C:\javascript_vuejs\nodejs\crud-project\node_modules\@babel\runtime\helpers\regeneratorRuntime.js:133:17)
    at Generator.next (C:\javascript_vuejs\nodejs\crud-project\node_modules\@babel\runtime\helpers\regeneratorRuntime.js:74:21)
    at asyncGeneratorStep (C:\javascript_vuejs\nodejs\crud-project\node_modules\@babel\runtime\helpers\asyncToGenerator.js:3:24)
    at _next (C:\javascript_vuejs\nodejs\crud-project\node_modules\@babel\runtime\helpers\asyncToGenerator.js:22:9)
    at processTicksAndRejections (node:internal/process/task_queues:95:5) 
    url - /api/user/forgotpass 
    method - POST 
    IP - ::1
   {"timestamp":"2024-04-18T10:52:19.266Z"}
info: Server started at http://localhost:3000/api/ {"timestamp":"2024-04-18T10:53:55.733Z"}
info: Connected to the database. {"timestamp":"2024-04-18T10:53:55.757Z"}
info: Server started at http://localhost:3000/api/ {"timestamp":"2024-04-18T10:54:01.581Z"}
info: Connected to the database. {"timestamp":"2024-04-18T10:54:01.607Z"}
info: Server started at http://localhost:3000/api/ {"timestamp":"2024-04-18T10:54:55.647Z"}
info: Connected to the database. {"timestamp":"2024-04-18T10:54:55.665Z"}
info: Server started at http://localhost:3000/api/ {"timestamp":"2024-04-18T10:59:16.908Z"}
info: Connected to the database. {"timestamp":"2024-04-18T10:59:16.930Z"}
info: Server started at http://localhost:3000/api/ {"timestamp":"2024-04-18T11:00:00.577Z"}
info: Connected to the database. {"timestamp":"2024-04-18T11:00:00.660Z"}
info: Server started at http://localhost:3000/api/ {"timestamp":"2024-04-18T11:02:59.033Z"}
info: Connected to the database. {"timestamp":"2024-04-18T11:02:59.055Z"}
info: Server started at http://localhost:3000/api/ {"timestamp":"2024-04-18T11:03:16.034Z"}
info: Connected to the database. {"timestamp":"2024-04-18T11:03:16.064Z"}
info: Server started at http://localhost:3000/api/ {"timestamp":"2024-04-18T11:03:41.856Z"}
info: Connected to the database. {"timestamp":"2024-04-18T11:03:41.883Z"}
info: Server started at http://localhost:3000/api/ {"timestamp":"2024-04-18T11:04:28.400Z"}
info: Connected to the database. {"timestamp":"2024-04-18T11:04:28.418Z"}
info: Server started at http://localhost:3000/api/ {"timestamp":"2024-04-18T11:04:55.720Z"}
info: Connected to the database. {"timestamp":"2024-04-18T11:04:55.740Z"}
info: Server started at http://localhost:3000/api/ {"timestamp":"2024-04-18T11:05:24.457Z"}
info: Connected to the database. {"timestamp":"2024-04-18T11:05:24.494Z"}
info: Server started at http://localhost:3000/api/ {"timestamp":"2024-04-18T11:05:28.724Z"}
info: Connected to the database. {"timestamp":"2024-04-18T11:05:28.744Z"}
info: Server started at http://localhost:3000/api/ {"timestamp":"2024-04-18T11:05:47.939Z"}
info: Connected to the database. {"timestamp":"2024-04-18T11:05:47.960Z"}
info: Server started at http://localhost:3000/api/ {"timestamp":"2024-04-18T11:09:18.225Z"}
info: Connected to the database. {"timestamp":"2024-04-18T11:09:18.253Z"}
info: Server started at http://localhost:3000/api/ {"timestamp":"2024-04-18T11:09:27.004Z"}
info: Connected to the database. {"timestamp":"2024-04-18T11:09:27.027Z"}
error: 
    status - 500 
    message - Error: Cannot set headers after they are sent to the client
    at new NodeError (node:internal/errors:400:5)
    at ServerResponse.setHeader (node:_http_outgoing:663:11)
    at ServerResponse.header (C:\javascript_vuejs\nodejs\crud-project\node_modules\express\lib\response.js:795:10)
    at ServerResponse.send (C:\javascript_vuejs\nodejs\crud-project\node_modules\express\lib\response.js:175:12)
    at ServerResponse.json (C:\javascript_vuejs\nodejs\crud-project\node_modules\express\lib\response.js:279:15)
    at _callee2$ (C:\javascript_vuejs\nodejs\crud-project\src\controllers\/user.controller.js:24:37)
    at tryCatch (C:\javascript_vuejs\nodejs\crud-project\node_modules\@babel\runtime\helpers\regeneratorRuntime.js:45:16)
    at Generator.<anonymous> (C:\javascript_vuejs\nodejs\crud-project\node_modules\@babel\runtime\helpers\regeneratorRuntime.js:133:17)
    at Generator.next (C:\javascript_vuejs\nodejs\crud-project\node_modules\@babel\runtime\helpers\regeneratorRuntime.js:74:21)
    at asyncGeneratorStep (C:\javascript_vuejs\nodejs\crud-project\node_modules\@babel\runtime\helpers\asyncToGenerator.js:3:24)
    at _next (C:\javascript_vuejs\nodejs\crud-project\node_modules\@babel\runtime\helpers\asyncToGenerator.js:22:9)
    at processTicksAndRejections (node:internal/process/task_queues:95:5) 
    url - /api/user/forgotpass 
    method - POST 
    IP - ::1
   {"timestamp":"2024-04-18T11:10:44.081Z"}
info: Server started at http://localhost:3000/api/ {"timestamp":"2024-04-18T11:13:10.301Z"}
info: Connected to the database. {"timestamp":"2024-04-18T11:13:10.329Z"}
info: Server started at http://localhost:3000/api/ {"timestamp":"2024-04-18T11:13:59.733Z"}
info: Connected to the database. {"timestamp":"2024-04-18T11:13:59.764Z"}
info: Server started at http://localhost:3000/api/ {"timestamp":"2024-04-18T11:14:09.941Z"}
info: Connected to the database. {"timestamp":"2024-04-18T11:14:09.960Z"}
info: Server started at http://localhost:3000/api/ {"timestamp":"2024-04-18T11:16:17.796Z"}
info: Connected to the database. {"timestamp":"2024-04-18T11:16:17.817Z"}
info: Server started at http://localhost:3000/api/ {"timestamp":"2024-04-18T11:16:25.744Z"}
info: Connected to the database. {"timestamp":"2024-04-18T11:16:25.762Z"}
info: Server started at http://localhost:3000/api/ {"timestamp":"2024-04-18T11:16:50.838Z"}
info: Connected to the database. {"timestamp":"2024-04-18T11:16:50.861Z"}
error: 
      status - 400
      message - Authorization token is required 
      url - /api/user/forgotpass 
      method - POST 
      IP - ::1
     {"timestamp":"2024-04-18T11:17:01.010Z"}
info: Server started at http://localhost:3000/api/ {"timestamp":"2024-04-18T11:18:11.478Z"}
info: Connected to the database. {"timestamp":"2024-04-18T11:18:11.498Z"}
info: Server started at http://localhost:3000/api/ {"timestamp":"2024-04-18T11:18:18.866Z"}
info: Connected to the database. {"timestamp":"2024-04-18T11:18:18.892Z"}
info: Server started at http://localhost:3000/api/ {"timestamp":"2024-04-18T11:18:28.192Z"}
info: Connected to the database. {"timestamp":"2024-04-18T11:18:28.219Z"}
info: Server started at http://localhost:3000/api/ {"timestamp":"2024-04-18T11:18:39.725Z"}
info: Connected to the database. {"timestamp":"2024-04-18T11:18:39.754Z"}
info: Server started at http://localhost:3000/api/ {"timestamp":"2024-04-18T11:19:03.116Z"}
info: Connected to the database. {"timestamp":"2024-04-18T11:19:03.141Z"}
error: 
      status - 400
      message - Authorization token is required 
      url - /api/user/forgotpass 
      method - POST 
      IP - ::1
     {"timestamp":"2024-04-18T11:19:06.879Z"}
info: Server started at http://localhost:3000/api/ {"timestamp":"2024-04-18T11:24:18.064Z"}
info: Connected to the database. {"timestamp":"2024-04-18T11:24:18.084Z"}
info: Server started at http://localhost:3000/api/ {"timestamp":"2024-04-18T11:26:46.070Z"}
info: Connected to the database. {"timestamp":"2024-04-18T11:26:46.090Z"}
info: Server started at http://localhost:3000/api/ {"timestamp":"2024-04-18T11:27:15.747Z"}
info: Connected to the database. {"timestamp":"2024-04-18T11:27:15.766Z"}
info: Server started at http://localhost:3000/api/ {"timestamp":"2024-04-18T11:27:26.261Z"}
info: Connected to the database. {"timestamp":"2024-04-18T11:27:26.283Z"}
info: Server started at http://localhost:3000/api/ {"timestamp":"2024-04-18T11:27:35.839Z"}
info: Connected to the database. {"timestamp":"2024-04-18T11:27:35.864Z"}
info: Server started at http://localhost:3000/api/ {"timestamp":"2024-04-18T11:41:47.553Z"}
info: Connected to the database. {"timestamp":"2024-04-18T11:41:47.575Z"}
info: Server started at http://localhost:3000/api/ {"timestamp":"2024-04-18T11:42:00.674Z"}
info: Connected to the database. {"timestamp":"2024-04-18T11:42:00.696Z"}
info: Server started at http://localhost:3000/api/ {"timestamp":"2024-04-18T11:42:31.610Z"}
info: Connected to the database. {"timestamp":"2024-04-18T11:42:31.635Z"}
info: Server started at http://localhost:3000/api/ {"timestamp":"2024-04-18T11:42:53.051Z"}
info: Connected to the database. {"timestamp":"2024-04-18T11:42:53.073Z"}
info: Server started at http://localhost:3000/api/ {"timestamp":"2024-04-18T11:43:07.733Z"}
info: Connected to the database. {"timestamp":"2024-04-18T11:43:07.806Z"}
info: Server started at http://localhost:3000/api/ {"timestamp":"2024-04-18T11:43:11.027Z"}
info: Connected to the database. {"timestamp":"2024-04-18T11:43:11.047Z"}
info: Server started at http://localhost:3000/api/ {"timestamp":"2024-04-18T11:43:21.788Z"}
info: Connected to the database. {"timestamp":"2024-04-18T11:43:21.806Z"}
info: Server started at http://localhost:3000/api/ {"timestamp":"2024-04-18T11:43:35.696Z"}
info: Connected to the database. {"timestamp":"2024-04-18T11:43:35.721Z"}
info: Server started at http://localhost:3000/api/ {"timestamp":"2024-04-18T11:43:46.755Z"}
info: Connected to the database. {"timestamp":"2024-04-18T11:43:46.778Z"}
info: Server started at http://localhost:3000/api/ {"timestamp":"2024-04-18T11:44:00.003Z"}
info: Connected to the database. {"timestamp":"2024-04-18T11:44:00.099Z"}
info: Server started at http://localhost:3000/api/ {"timestamp":"2024-04-18T11:45:16.026Z"}
info: Connected to the database. {"timestamp":"2024-04-18T11:45:16.049Z"}
info: Server started at http://localhost:3000/api/ {"timestamp":"2024-04-18T11:46:05.440Z"}
info: Connected to the database. {"timestamp":"2024-04-18T11:46:05.464Z"}
info: Server started at http://localhost:3000/api/ {"timestamp":"2024-04-18T11:46:19.198Z"}
info: Connected to the database. {"timestamp":"2024-04-18T11:46:19.228Z"}
info: Server started at http://localhost:3000/api/ {"timestamp":"2024-04-18T11:46:22.744Z"}
info: Connected to the database. {"timestamp":"2024-04-18T11:46:22.765Z"}
info: Server started at http://localhost:3000/api/ {"timestamp":"2024-04-18T11:46:28.549Z"}
info: Connected to the database. {"timestamp":"2024-04-18T11:46:28.575Z"}
info: Server started at http://localhost:3000/api/ {"timestamp":"2024-04-18T11:48:31.487Z"}
info: Connected to the database. {"timestamp":"2024-04-18T11:48:31.505Z"}
info: Server started at http://localhost:3000/api/ {"timestamp":"2024-04-18T11:51:47.753Z"}
info: Connected to the database. {"timestamp":"2024-04-18T11:51:47.771Z"}
info: Server started at http://localhost:3000/api/ {"timestamp":"2024-04-18T11:51:56.500Z"}
info: Connected to the database. {"timestamp":"2024-04-18T11:51:56.520Z"}
info: Server started at http://localhost:3000/api/ {"timestamp":"2024-04-18T11:53:26.625Z"}
info: Connected to the database. {"timestamp":"2024-04-18T11:53:26.652Z"}
info: Server started at http://localhost:3000/api/ {"timestamp":"2024-04-18T11:53:56.039Z"}
info: Connected to the database. {"timestamp":"2024-04-18T11:53:56.065Z"}
info: Server started at http://localhost:3000/api/ {"timestamp":"2024-04-18T11:54:03.658Z"}
info: Connected to the database. {"timestamp":"2024-04-18T11:54:03.685Z"}
info: Server started at http://localhost:3000/api/ {"timestamp":"2024-04-18T11:54:08.998Z"}
info: Connected to the database. {"timestamp":"2024-04-18T11:54:09.022Z"}
info: Server started at http://localhost:3000/api/ {"timestamp":"2024-04-18T11:57:50.745Z"}
info: Connected to the database. {"timestamp":"2024-04-18T11:57:50.767Z"}
info: Server started at http://localhost:3000/api/ {"timestamp":"2024-04-18T11:58:21.908Z"}
info: Connected to the database. {"timestamp":"2024-04-18T11:58:21.926Z"}
info: Server started at http://localhost:3000/api/ {"timestamp":"2024-04-18T11:58:27.078Z"}
info: Connected to the database. {"timestamp":"2024-04-18T11:58:27.096Z"}
info: Server started at http://localhost:3000/api/ {"timestamp":"2024-04-18T11:58:39.944Z"}
info: Connected to the database. {"timestamp":"2024-04-18T11:58:39.965Z"}
info: Server started at http://localhost:3000/api/ {"timestamp":"2024-04-18T11:59:13.483Z"}
info: Connected to the database. {"timestamp":"2024-04-18T11:59:13.505Z"}
info: Server started at http://localhost:3000/api/ {"timestamp":"2024-04-18T11:59:29.704Z"}
info: Connected to the database. {"timestamp":"2024-04-18T11:59:29.727Z"}
info: Server started at http://localhost:3000/api/ {"timestamp":"2024-04-18T12:00:24.119Z"}
info: Connected to the database. {"timestamp":"2024-04-18T12:00:24.170Z"}
error: 
    status - 500 
    message - JsonWebTokenError: invalid token
    at Object.verify (C:\javascript_vuejs\nodejs\crud-project\node_modules\jsonwebtoken\verify.js:75:17)
    at _callee3$ (C:\javascript_vuejs\nodejs\crud-project\src\services\/user.service.js:42:28)
    at tryCatch (C:\javascript_vuejs\nodejs\crud-project\node_modules\@babel\runtime\helpers\regeneratorRuntime.js:45:16)
    at Generator.<anonymous> (C:\javascript_vuejs\nodejs\crud-project\node_modules\@babel\runtime\helpers\regeneratorRuntime.js:133:17)
    at Generator.next (C:\javascript_vuejs\nodejs\crud-project\node_modules\@babel\runtime\helpers\regeneratorRuntime.js:74:21)
    at asyncGeneratorStep (C:\javascript_vuejs\nodejs\crud-project\node_modules\@babel\runtime\helpers\asyncToGenerator.js:3:24)
    at _next (C:\javascript_vuejs\nodejs\crud-project\node_modules\@babel\runtime\helpers\asyncToGenerator.js:22:9)
    at processTicksAndRejections (node:internal/process/task_queues:95:5) 
    url - /api/user/resetpass 
    method - POST 
    IP - ::1
   {"timestamp":"2024-04-18T12:00:28.580Z"}
error: 
    status - 500 
    message - JsonWebTokenError: invalid token
    at Object.verify (C:\javascript_vuejs\nodejs\crud-project\node_modules\jsonwebtoken\verify.js:75:17)
    at _callee3$ (C:\javascript_vuejs\nodejs\crud-project\src\services\/user.service.js:42:28)
    at tryCatch (C:\javascript_vuejs\nodejs\crud-project\node_modules\@babel\runtime\helpers\regeneratorRuntime.js:45:16)
    at Generator.<anonymous> (C:\javascript_vuejs\nodejs\crud-project\node_modules\@babel\runtime\helpers\regeneratorRuntime.js:133:17)
    at Generator.next (C:\javascript_vuejs\nodejs\crud-project\node_modules\@babel\runtime\helpers\regeneratorRuntime.js:74:21)
    at asyncGeneratorStep (C:\javascript_vuejs\nodejs\crud-project\node_modules\@babel\runtime\helpers\asyncToGenerator.js:3:24)
    at _next (C:\javascript_vuejs\nodejs\crud-project\node_modules\@babel\runtime\helpers\asyncToGenerator.js:22:9)
    at processTicksAndRejections (node:internal/process/task_queues:95:5) 
    url - /api/user/resetpass 
    method - POST 
    IP - ::1
   {"timestamp":"2024-04-18T12:01:49.554Z"}
info: Server started at http://localhost:3000/api/ {"timestamp":"2024-04-18T12:03:11.164Z"}
info: Connected to the database. {"timestamp":"2024-04-18T12:03:11.188Z"}
error: 
    status - 500 
    message - JsonWebTokenError: invalid token
    at Object.verify (C:\javascript_vuejs\nodejs\crud-project\node_modules\jsonwebtoken\verify.js:75:17)
    at _callee3$ (C:\javascript_vuejs\nodejs\crud-project\src\services\/user.service.js:42:28)
    at tryCatch (C:\javascript_vuejs\nodejs\crud-project\node_modules\@babel\runtime\helpers\regeneratorRuntime.js:45:16)
    at Generator.<anonymous> (C:\javascript_vuejs\nodejs\crud-project\node_modules\@babel\runtime\helpers\regeneratorRuntime.js:133:17)
    at Generator.next (C:\javascript_vuejs\nodejs\crud-project\node_modules\@babel\runtime\helpers\regeneratorRuntime.js:74:21)
    at asyncGeneratorStep (C:\javascript_vuejs\nodejs\crud-project\node_modules\@babel\runtime\helpers\asyncToGenerator.js:3:24)
    at _next (C:\javascript_vuejs\nodejs\crud-project\node_modules\@babel\runtime\helpers\asyncToGenerator.js:22:9)
    at processTicksAndRejections (node:internal/process/task_queues:95:5) 
    url - /api/user/resetpass 
    method - POST 
    IP - ::1
   {"timestamp":"2024-04-18T12:03:20.832Z"}
info: Server started at http://localhost:3000/api/ {"timestamp":"2024-04-18T12:04:02.221Z"}
info: Connected to the database. {"timestamp":"2024-04-18T12:04:02.255Z"}
info: Server started at http://localhost:3000/api/ {"timestamp":"2024-04-18T12:04:08.647Z"}
info: Connected to the database. {"timestamp":"2024-04-18T12:04:08.677Z"}
info: Server started at http://localhost:3000/api/ {"timestamp":"2024-04-18T12:04:15.162Z"}
info: Connected to the database. {"timestamp":"2024-04-18T12:04:15.183Z"}
info: Server started at http://localhost:3000/api/ {"timestamp":"2024-04-18T12:04:19.572Z"}
info: Connected to the database. {"timestamp":"2024-04-18T12:04:19.596Z"}
error: 
    status - 500 
    message - JsonWebTokenError: invalid token
    at Object.verify (C:\javascript_vuejs\nodejs\crud-project\node_modules\jsonwebtoken\verify.js:75:17)
    at _callee3$ (C:\javascript_vuejs\nodejs\crud-project\src\services\/user.service.js:45:28)
    at tryCatch (C:\javascript_vuejs\nodejs\crud-project\node_modules\@babel\runtime\helpers\regeneratorRuntime.js:45:16)
    at Generator.<anonymous> (C:\javascript_vuejs\nodejs\crud-project\node_modules\@babel\runtime\helpers\regeneratorRuntime.js:133:17)
    at Generator.next (C:\javascript_vuejs\nodejs\crud-project\node_modules\@babel\runtime\helpers\regeneratorRuntime.js:74:21)
    at asyncGeneratorStep (C:\javascript_vuejs\nodejs\crud-project\node_modules\@babel\runtime\helpers\asyncToGenerator.js:3:24)
    at _next (C:\javascript_vuejs\nodejs\crud-project\node_modules\@babel\runtime\helpers\asyncToGenerator.js:22:9)
    at processTicksAndRejections (node:internal/process/task_queues:95:5) 
    url - /api/user/resetpass 
    method - POST 
    IP - ::1
   {"timestamp":"2024-04-18T12:04:20.468Z"}
info: Server started at http://localhost:3000/api/ {"timestamp":"2024-04-18T12:04:43.937Z"}
info: Connected to the database. {"timestamp":"2024-04-18T12:04:43.960Z"}
info: Server started at http://localhost:3000/api/ {"timestamp":"2024-04-18T12:04:58.439Z"}
info: Connected to the database. {"timestamp":"2024-04-18T12:04:58.461Z"}
info: Server started at http://localhost:3000/api/ {"timestamp":"2024-04-18T12:06:59.275Z"}
info: Connected to the database. {"timestamp":"2024-04-18T12:06:59.303Z"}
error: 
    status - 500 
    message - TypeError: Cannot read properties of null (reading 'email')
    at _callee3$ (C:\javascript_vuejs\nodejs\crud-project\src\services\/user.service.js:47:27)
    at tryCatch (C:\javascript_vuejs\nodejs\crud-project\node_modules\@babel\runtime\helpers\regeneratorRuntime.js:45:16)
    at Generator.<anonymous> (C:\javascript_vuejs\nodejs\crud-project\node_modules\@babel\runtime\helpers\regeneratorRuntime.js:133:17)
    at Generator.next (C:\javascript_vuejs\nodejs\crud-project\node_modules\@babel\runtime\helpers\regeneratorRuntime.js:74:21)
    at asyncGeneratorStep (C:\javascript_vuejs\nodejs\crud-project\node_modules\@babel\runtime\helpers\asyncToGenerator.js:3:24)
    at _next (C:\javascript_vuejs\nodejs\crud-project\node_modules\@babel\runtime\helpers\asyncToGenerator.js:22:9)
    at processTicksAndRejections (node:internal/process/task_queues:95:5) 
    url - /api/user/resetpass 
    method - POST 
    IP - ::1
   {"timestamp":"2024-04-18T12:07:04.924Z"}
info: Server started at http://localhost:3000/api/ {"timestamp":"2024-04-18T12:07:31.744Z"}
info: Connected to the database. {"timestamp":"2024-04-18T12:07:31.764Z"}
info: Server started at http://localhost:3000/api/ {"timestamp":"2024-04-18T12:07:37.658Z"}
info: Connected to the database. {"timestamp":"2024-04-18T12:07:37.677Z"}
info: Server started at http://localhost:3000/api/ {"timestamp":"2024-04-18T12:07:50.412Z"}
info: Connected to the database. {"timestamp":"2024-04-18T12:07:50.431Z"}
info: Server started at http://localhost:3000/api/ {"timestamp":"2024-04-18T12:07:54.886Z"}
info: Connected to the database. {"timestamp":"2024-04-18T12:07:54.916Z"}
info: Server started at http://localhost:3000/api/ {"timestamp":"2024-04-18T12:08:00.759Z"}
info: Connected to the database. {"timestamp":"2024-04-18T12:08:00.780Z"}
info: Server started at http://localhost:3000/api/ {"timestamp":"2024-04-18T12:08:04.857Z"}
info: Connected to the database. {"timestamp":"2024-04-18T12:08:04.883Z"}
info: Server started at http://localhost:3000/api/ {"timestamp":"2024-04-18T12:08:09.445Z"}
info: Connected to the database. {"timestamp":"2024-04-18T12:08:09.473Z"}
error: 
    status - 500 
    message - TypeError: Cannot read properties of null (reading 'email')
    at _callee3$ (C:\javascript_vuejs\nodejs\crud-project\src\services\/user.service.js:52:27)
    at tryCatch (C:\javascript_vuejs\nodejs\crud-project\node_modules\@babel\runtime\helpers\regeneratorRuntime.js:45:16)
    at Generator.<anonymous> (C:\javascript_vuejs\nodejs\crud-project\node_modules\@babel\runtime\helpers\regeneratorRuntime.js:133:17)
    at Generator.next (C:\javascript_vuejs\nodejs\crud-project\node_modules\@babel\runtime\helpers\regeneratorRuntime.js:74:21)
    at asyncGeneratorStep (C:\javascript_vuejs\nodejs\crud-project\node_modules\@babel\runtime\helpers\asyncToGenerator.js:3:24)
    at _next (C:\javascript_vuejs\nodejs\crud-project\node_modules\@babel\runtime\helpers\asyncToGenerator.js:22:9)
    at processTicksAndRejections (node:internal/process/task_queues:95:5) 
    url - /api/user/resetpass 
    method - POST 
    IP - ::1
   {"timestamp":"2024-04-18T12:08:13.144Z"}
info: Server started at http://localhost:3000/api/ {"timestamp":"2024-04-18T12:09:09.712Z"}
info: Connected to the database. {"timestamp":"2024-04-18T12:09:09.731Z"}
info: Server started at http://localhost:3000/api/ {"timestamp":"2024-04-18T12:09:13.936Z"}
info: Connected to the database. {"timestamp":"2024-04-18T12:09:13.956Z"}
info: Server started at http://localhost:3000/api/ {"timestamp":"2024-04-18T12:09:50.840Z"}
info: Connected to the database. {"timestamp":"2024-04-18T12:09:50.861Z"}
info: Server started at http://localhost:3000/api/ {"timestamp":"2024-04-18T12:10:08.716Z"}
info: Connected to the database. {"timestamp":"2024-04-18T12:10:08.737Z"}
info: Server started at http://localhost:3000/api/ {"timestamp":"2024-04-18T12:10:33.141Z"}
info: Connected to the database. {"timestamp":"2024-04-18T12:10:33.162Z"}
info: Server started at http://localhost:3000/api/ {"timestamp":"2024-04-18T12:12:21.930Z"}
info: Connected to the database. {"timestamp":"2024-04-18T12:12:21.959Z"}
info: Server started at http://localhost:3000/api/ {"timestamp":"2024-04-18T12:12:27.121Z"}
info: Connected to the database. {"timestamp":"2024-04-18T12:12:27.141Z"}
info: Server started at http://localhost:3000/api/ {"timestamp":"2024-04-18T12:12:38.598Z"}
info: Connected to the database. {"timestamp":"2024-04-18T12:12:38.627Z"}
info: Server started at http://localhost:3000/api/ {"timestamp":"2024-04-18T12:12:46.954Z"}
info: Connected to the database. {"timestamp":"2024-04-18T12:12:46.986Z"}
info: Server started at http://localhost:3000/api/ {"timestamp":"2024-04-18T12:12:53.656Z"}
info: Connected to the database. {"timestamp":"2024-04-18T12:12:53.680Z"}
info: Server started at http://localhost:3000/api/ {"timestamp":"2024-04-18T12:13:01.283Z"}
info: Connected to the database. {"timestamp":"2024-04-18T12:13:01.303Z"}
info: Server started at http://localhost:3000/api/ {"timestamp":"2024-04-18T12:13:20.937Z"}
info: Connected to the database. {"timestamp":"2024-04-18T12:13:20.960Z"}
info: Server started at http://localhost:3000/api/ {"timestamp":"2024-04-18T12:13:36.350Z"}
info: Connected to the database. {"timestamp":"2024-04-18T12:13:36.372Z"}
info: Server started at http://localhost:3000/api/ {"timestamp":"2024-04-18T12:13:50.841Z"}
info: Connected to the database. {"timestamp":"2024-04-18T12:13:50.860Z"}
info: Server started at http://localhost:3000/api/ {"timestamp":"2024-04-18T12:14:12.992Z"}
info: Connected to the database. {"timestamp":"2024-04-18T12:14:13.010Z"}
info: Server started at http://localhost:3000/api/ {"timestamp":"2024-04-18T12:14:28.439Z"}
info: Connected to the database. {"timestamp":"2024-04-18T12:14:28.471Z"}
info: Server started at http://localhost:3000/api/ {"timestamp":"2024-04-18T12:14:33.544Z"}
info: Connected to the database. {"timestamp":"2024-04-18T12:14:33.571Z"}
info: Server started at http://localhost:3000/api/ {"timestamp":"2024-04-18T12:15:08.226Z"}
info: Connected to the database. {"timestamp":"2024-04-18T12:15:08.257Z"}
info: Server started at http://localhost:3000/api/ {"timestamp":"2024-04-18T12:15:11.742Z"}
info: Connected to the database. {"timestamp":"2024-04-18T12:15:11.769Z"}
info: Server started at http://localhost:3000/api/ {"timestamp":"2024-04-18T12:15:34.214Z"}
info: Connected to the database. {"timestamp":"2024-04-18T12:15:34.238Z"}
info: Server started at http://localhost:3000/api/ {"timestamp":"2024-04-18T12:16:01.285Z"}
info: Connected to the database. {"timestamp":"2024-04-18T12:16:01.305Z"}
info: Server started at http://localhost:3000/api/ {"timestamp":"2024-04-18T12:16:09.959Z"}
info: Connected to the database. {"timestamp":"2024-04-18T12:16:09.979Z"}
info: Server started at http://localhost:3000/api/ {"timestamp":"2024-04-18T12:16:20.352Z"}
info: Connected to the database. {"timestamp":"2024-04-18T12:16:20.372Z"}
info: Server started at http://localhost:3000/api/ {"timestamp":"2024-04-18T12:17:21.657Z"}
info: Connected to the database. {"timestamp":"2024-04-18T12:17:21.678Z"}
info: Server started at http://localhost:3000/api/ {"timestamp":"2024-04-18T12:19:03.691Z"}
info: Connected to the database. {"timestamp":"2024-04-18T12:19:03.726Z"}
info: Server started at http://localhost:3000/api/ {"timestamp":"2024-04-18T12:22:40.831Z"}
info: Connected to the database. {"timestamp":"2024-04-18T12:22:40.858Z"}
info: Server started at http://localhost:3000/api/ {"timestamp":"2024-04-18T12:23:06.546Z"}
info: Connected to the database. {"timestamp":"2024-04-18T12:23:06.597Z"}
info: Server started at http://localhost:3000/api/ {"timestamp":"2024-04-18T12:23:19.055Z"}
info: Connected to the database. {"timestamp":"2024-04-18T12:23:19.080Z"}
info: Server started at http://localhost:3000/api/ {"timestamp":"2024-04-18T12:24:11.125Z"}
info: Connected to the database. {"timestamp":"2024-04-18T12:24:11.147Z"}
info: Server started at http://localhost:3000/api/ {"timestamp":"2024-04-18T12:24:43.522Z"}
info: Connected to the database. {"timestamp":"2024-04-18T12:24:43.551Z"}
info: Server started at http://localhost:3000/api/ {"timestamp":"2024-04-18T12:25:01.923Z"}
info: Connected to the database. {"timestamp":"2024-04-18T12:25:01.947Z"}
info: Server started at http://localhost:3000/api/ {"timestamp":"2024-04-18T12:25:13.364Z"}
info: Connected to the database. {"timestamp":"2024-04-18T12:25:13.406Z"}
info: Server started at http://localhost:3000/api/ {"timestamp":"2024-04-18T12:25:33.900Z"}
info: Connected to the database. {"timestamp":"2024-04-18T12:25:33.929Z"}
info: Server started at http://localhost:3000/api/ {"timestamp":"2024-04-18T12:25:54.701Z"}
info: Connected to the database. {"timestamp":"2024-04-18T12:25:54.725Z"}
info: Server started at http://localhost:3000/api/ {"timestamp":"2024-04-18T12:26:11.970Z"}
info: Connected to the database. {"timestamp":"2024-04-18T12:26:11.991Z"}
info: Server started at http://localhost:3000/api/ {"timestamp":"2024-04-18T12:26:58.688Z"}
info: Connected to the database. {"timestamp":"2024-04-18T12:26:58.715Z"}
info: Server started at http://localhost:3000/api/ {"timestamp":"2024-04-18T12:27:26.969Z"}
info: Connected to the database. {"timestamp":"2024-04-18T12:27:26.990Z"}
info: Server started at http://localhost:3000/api/ {"timestamp":"2024-04-18T12:27:51.849Z"}
info: Connected to the database. {"timestamp":"2024-04-18T12:27:51.898Z"}
info: Server started at http://localhost:3000/api/ {"timestamp":"2024-04-18T12:28:11.939Z"}
info: Connected to the database. {"timestamp":"2024-04-18T12:28:11.960Z"}
info: Server started at http://localhost:3000/api/ {"timestamp":"2024-04-18T12:28:19.950Z"}
info: Connected to the database. {"timestamp":"2024-04-18T12:28:19.995Z"}
info: Server started at http://localhost:3000/api/ {"timestamp":"2024-04-18T12:29:29.429Z"}
info: Connected to the database. {"timestamp":"2024-04-18T12:29:29.455Z"}
info: Server started at http://localhost:3000/api/ {"timestamp":"2024-04-18T12:29:54.027Z"}
info: Connected to the database. {"timestamp":"2024-04-18T12:29:54.071Z"}
info: Server started at http://localhost:3000/api/ {"timestamp":"2024-04-18T12:30:04.483Z"}
info: Connected to the database. {"timestamp":"2024-04-18T12:30:04.506Z"}
info: Server started at http://localhost:3000/api/ {"timestamp":"2024-04-18T12:46:32.213Z"}
info: Connected to the database. {"timestamp":"2024-04-18T12:46:32.235Z"}
info: Server started at http://localhost:3000/api/ {"timestamp":"2024-04-18T12:46:42.841Z"}
info: Connected to the database. {"timestamp":"2024-04-18T12:46:42.862Z"}
info: Server started at http://localhost:3000/api/ {"timestamp":"2024-04-18T12:46:56.511Z"}
info: Connected to the database. {"timestamp":"2024-04-18T12:46:56.534Z"}
info: Server started at http://localhost:3000/api/ {"timestamp":"2024-04-18T12:47:03.786Z"}
info: Connected to the database. {"timestamp":"2024-04-18T12:47:03.808Z"}
info: Server started at http://localhost:3000/api/ {"timestamp":"2024-04-18T12:47:49.413Z"}
info: Connected to the database. {"timestamp":"2024-04-18T12:47:49.439Z"}
info: Server started at http://localhost:3000/api/ {"timestamp":"2024-04-18T12:48:17.705Z"}
info: Connected to the database. {"timestamp":"2024-04-18T12:48:17.727Z"}
info: Server started at http://localhost:3000/api/ {"timestamp":"2024-04-18T12:48:29.029Z"}
info: Connected to the database. {"timestamp":"2024-04-18T12:48:29.054Z"}
info: Server started at http://localhost:3000/api/ {"timestamp":"2024-04-18T12:48:37.256Z"}
info: Connected to the database. {"timestamp":"2024-04-18T12:48:37.279Z"}
info: Server started at http://localhost:3000/api/ {"timestamp":"2024-04-18T12:49:08.174Z"}
info: Connected to the database. {"timestamp":"2024-04-18T12:49:08.213Z"}
info: Server started at http://localhost:3000/api/ {"timestamp":"2024-04-18T12:49:18.012Z"}
info: Connected to the database. {"timestamp":"2024-04-18T12:49:18.040Z"}
info: Server started at http://localhost:3000/api/ {"timestamp":"2024-04-18T12:49:31.940Z"}
info: Connected to the database. {"timestamp":"2024-04-18T12:49:31.974Z"}
info: Server started at http://localhost:3000/api/ {"timestamp":"2024-04-18T12:49:38.944Z"}
info: Connected to the database. {"timestamp":"2024-04-18T12:49:38.967Z"}
